(0000) 3000  0011000000000000 (   4)                 .ORIG x3000
(3000) E027  1110000000100111 (   7)                 LEA   R0 Enter_Number_Message
(3001) F022  1111000000100010 (   8)                 TRAP  x22
(3002) E4EF  1110010011101111 (   9)                 LEA   R2 First_Course_Students_List_Length
(3003) 49FB  0100100111111011 (  10)                 JSR   GetNumberOfStudents
(3004) E051  1110000001010001 (  13)                 LEA   R0 First_Course_Enter_Grades_Message
(3005) F022  1111000000100010 (  14)                 TRAP  x22
(3006) 22E8  0010001011101000 (  15)                 LD    R1 First_Course_Students_List
(3007) 24EA  0010010011101010 (  16)                 LD    R2 First_Course_Students_List_Length
(3008) 4A31  0100101000110001 (  17)                 JSR   GetStudentGrades
(3009) 4A71  0100101001110001 (  18)                 JSR   AverageCalculator
(300A) E072  1110000001110010 (  21)                 LEA   R0 Second_Course_Enter_Grades_Message
(300B) F022  1111000000100010 (  22)                 TRAP  x22
(300C) 22E3  0010001011100011 (  23)                 LD    R1 Second_Course_Students_List
(300D) 24E5  0010010011100101 (  24)                 LD    R2 Second_Course_Students_List_Length
(300E) 4A2B  0100101000101011 (  25)                 JSR   GetStudentGrades
(300F) 4A6B  0100101001101011 (  26)                 JSR   AverageCalculator
(3010) E093  1110000010010011 (  29)                 LEA   R0 Third_Course_Enter_Grades_Message
(3011) F022  1111000000100010 (  30)                 TRAP  x22
(3012) 22DE  0010001011011110 (  31)                 LD    R1 Third_Course_Students_List
(3013) 24E0  0010010011100000 (  32)                 LD    R2 Third_Course_Students_List_Length
(3014) 4A25  0100101000100101 (  33)                 JSR   GetStudentGrades
(3015) 4A65  0100101001100101 (  34)                 JSR   AverageCalculator
(3016) 49B6  0100100110110110 (  36)                 JSR   ConcatenateLists
(3017) E0D1  1110000011010001 (  39)                 LEA   R0 Best_Grades_Array
(3018) 22D6  0010001011010110 (  40)                 LD    R1 First_Course_Students_List
(3019) 24D8  0010010011011000 (  41)                 LD    R2 First_Course_Students_List_Length
(301A) 4ACB  0100101011001011 (  42)                 JSR   BestStudent
(301B) E0AF  1110000010101111 (  45)                 LEA   R0 Highest_Grades_Output_Message
(301C) F022  1111000000100010 (  46)                 TRAP  x22
(301D) E2CB  1110001011001011 (  47)                 LEA   R1 Best_Grades_Array
(301E) 54A0  0101010010100000 (  48)                 AND   R2 R2 #0
(301F) 14A6  0001010010100110 (  49)                 ADD   R2 R2 #6
(3020) 6040  0110000001000000 (  51) Print_Best_Grades_Loop LDR   R0 R1 #0
(3021) 4B02  0100101100000010 (  52)                 JSR   PrintNum
(3022) 20C5  0010000011000101 (  53)                 LD    R0 Space_ASCII
(3023) F021  1111000000100001 (  54)                 TRAP  x21
(3024) 1261  0001001001100001 (  56)                 ADD   R1 R1 #1
(3025) 14BF  0001010010111111 (  57)                 ADD   R2 R2 #-1
(3026) 03F9  0000001111111001 (  58)                 BRP   Print_Best_Grades_Loop
(3027) F025  1111000000100101 (  60)                 TRAP  x25
(3028) 0045  0000000001000101 (  65) Enter_Number_Message .FILL x0045
(3029) 006E  0000000001101110 (  65)                 .FILL x006E
(302A) 0074  0000000001110100 (  65)                 .FILL x0074
(302B) 0065  0000000001100101 (  65)                 .FILL x0065
(302C) 0072  0000000001110010 (  65)                 .FILL x0072
(302D) 0020  0000000000100000 (  65)                 .FILL x0020
(302E) 0074  0000000001110100 (  65)                 .FILL x0074
(302F) 0068  0000000001101000 (  65)                 .FILL x0068
(3030) 0065  0000000001100101 (  65)                 .FILL x0065
(3031) 0020  0000000000100000 (  65)                 .FILL x0020
(3032) 006E  0000000001101110 (  65)                 .FILL x006E
(3033) 0075  0000000001110101 (  65)                 .FILL x0075
(3034) 006D  0000000001101101 (  65)                 .FILL x006D
(3035) 0062  0000000001100010 (  65)                 .FILL x0062
(3036) 0065  0000000001100101 (  65)                 .FILL x0065
(3037) 0072  0000000001110010 (  65)                 .FILL x0072
(3038) 0020  0000000000100000 (  65)                 .FILL x0020
(3039) 006F  0000000001101111 (  65)                 .FILL x006F
(303A) 0066  0000000001100110 (  65)                 .FILL x0066
(303B) 0020  0000000000100000 (  65)                 .FILL x0020
(303C) 0073  0000000001110011 (  65)                 .FILL x0073
(303D) 0074  0000000001110100 (  65)                 .FILL x0074
(303E) 0075  0000000001110101 (  65)                 .FILL x0075
(303F) 0064  0000000001100100 (  65)                 .FILL x0064
(3040) 0065  0000000001100101 (  65)                 .FILL x0065
(3041) 006E  0000000001101110 (  65)                 .FILL x006E
(3042) 0074  0000000001110100 (  65)                 .FILL x0074
(3043) 0073  0000000001110011 (  65)                 .FILL x0073
(3044) 0020  0000000000100000 (  65)                 .FILL x0020
(3045) 0069  0000000001101001 (  65)                 .FILL x0069
(3046) 006E  0000000001101110 (  65)                 .FILL x006E
(3047) 0020  0000000000100000 (  65)                 .FILL x0020
(3048) 0065  0000000001100101 (  65)                 .FILL x0065
(3049) 0061  0000000001100001 (  65)                 .FILL x0061
(304A) 0063  0000000001100011 (  65)                 .FILL x0063
(304B) 0068  0000000001101000 (  65)                 .FILL x0068
(304C) 0020  0000000000100000 (  65)                 .FILL x0020
(304D) 0063  0000000001100011 (  65)                 .FILL x0063
(304E) 006F  0000000001101111 (  65)                 .FILL x006F
(304F) 0075  0000000001110101 (  65)                 .FILL x0075
(3050) 0072  0000000001110010 (  65)                 .FILL x0072
(3051) 0073  0000000001110011 (  65)                 .FILL x0073
(3052) 0065  0000000001100101 (  65)                 .FILL x0065
(3053) 003A  0000000000111010 (  65)                 .FILL x003A
(3054) 0020  0000000000100000 (  65)                 .FILL x0020
(3055) 0000  0000000000000000 (  65)                 .FILL x0000
(3056) 0045  0000000001000101 (  66) First_Course_Enter_Grades_Message .FILL x0045
(3057) 006E  0000000001101110 (  66)                 .FILL x006E
(3058) 0074  0000000001110100 (  66)                 .FILL x0074
(3059) 0065  0000000001100101 (  66)                 .FILL x0065
(305A) 0072  0000000001110010 (  66)                 .FILL x0072
(305B) 0020  0000000000100000 (  66)                 .FILL x0020
(305C) 0074  0000000001110100 (  66)                 .FILL x0074
(305D) 0068  0000000001101000 (  66)                 .FILL x0068
(305E) 0065  0000000001100101 (  66)                 .FILL x0065
(305F) 0020  0000000000100000 (  66)                 .FILL x0020
(3060) 0073  0000000001110011 (  66)                 .FILL x0073
(3061) 0074  0000000001110100 (  66)                 .FILL x0074
(3062) 0075  0000000001110101 (  66)                 .FILL x0075
(3063) 0064  0000000001100100 (  66)                 .FILL x0064
(3064) 0065  0000000001100101 (  66)                 .FILL x0065
(3065) 006E  0000000001101110 (  66)                 .FILL x006E
(3066) 0074  0000000001110100 (  66)                 .FILL x0074
(3067) 0020  0000000000100000 (  66)                 .FILL x0020
(3068) 0067  0000000001100111 (  66)                 .FILL x0067
(3069) 0072  0000000001110010 (  66)                 .FILL x0072
(306A) 0061  0000000001100001 (  66)                 .FILL x0061
(306B) 0064  0000000001100100 (  66)                 .FILL x0064
(306C) 0065  0000000001100101 (  66)                 .FILL x0065
(306D) 0073  0000000001110011 (  66)                 .FILL x0073
(306E) 0020  0000000000100000 (  66)                 .FILL x0020
(306F) 0069  0000000001101001 (  66)                 .FILL x0069
(3070) 006E  0000000001101110 (  66)                 .FILL x006E
(3071) 0020  0000000000100000 (  66)                 .FILL x0020
(3072) 0063  0000000001100011 (  66)                 .FILL x0063
(3073) 006F  0000000001101111 (  66)                 .FILL x006F
(3074) 0075  0000000001110101 (  66)                 .FILL x0075
(3075) 0072  0000000001110010 (  66)                 .FILL x0072
(3076) 0073  0000000001110011 (  66)                 .FILL x0073
(3077) 0065  0000000001100101 (  66)                 .FILL x0065
(3078) 0020  0000000000100000 (  66)                 .FILL x0020
(3079) 0031  0000000000110001 (  66)                 .FILL x0031
(307A) 003A  0000000000111010 (  66)                 .FILL x003A
(307B) 000A  0000000000001010 (  66)                 .FILL x000A
(307C) 0000  0000000000000000 (  66)                 .FILL x0000
(307D) 0045  0000000001000101 (  67) Second_Course_Enter_Grades_Message .FILL x0045
(307E) 006E  0000000001101110 (  67)                 .FILL x006E
(307F) 0074  0000000001110100 (  67)                 .FILL x0074
(3080) 0065  0000000001100101 (  67)                 .FILL x0065
(3081) 0072  0000000001110010 (  67)                 .FILL x0072
(3082) 0020  0000000000100000 (  67)                 .FILL x0020
(3083) 0074  0000000001110100 (  67)                 .FILL x0074
(3084) 0068  0000000001101000 (  67)                 .FILL x0068
(3085) 0065  0000000001100101 (  67)                 .FILL x0065
(3086) 0020  0000000000100000 (  67)                 .FILL x0020
(3087) 0073  0000000001110011 (  67)                 .FILL x0073
(3088) 0074  0000000001110100 (  67)                 .FILL x0074
(3089) 0075  0000000001110101 (  67)                 .FILL x0075
(308A) 0064  0000000001100100 (  67)                 .FILL x0064
(308B) 0065  0000000001100101 (  67)                 .FILL x0065
(308C) 006E  0000000001101110 (  67)                 .FILL x006E
(308D) 0074  0000000001110100 (  67)                 .FILL x0074
(308E) 0020  0000000000100000 (  67)                 .FILL x0020
(308F) 0067  0000000001100111 (  67)                 .FILL x0067
(3090) 0072  0000000001110010 (  67)                 .FILL x0072
(3091) 0061  0000000001100001 (  67)                 .FILL x0061
(3092) 0064  0000000001100100 (  67)                 .FILL x0064
(3093) 0065  0000000001100101 (  67)                 .FILL x0065
(3094) 0073  0000000001110011 (  67)                 .FILL x0073
(3095) 0020  0000000000100000 (  67)                 .FILL x0020
(3096) 0069  0000000001101001 (  67)                 .FILL x0069
(3097) 006E  0000000001101110 (  67)                 .FILL x006E
(3098) 0020  0000000000100000 (  67)                 .FILL x0020
(3099) 0063  0000000001100011 (  67)                 .FILL x0063
(309A) 006F  0000000001101111 (  67)                 .FILL x006F
(309B) 0075  0000000001110101 (  67)                 .FILL x0075
(309C) 0072  0000000001110010 (  67)                 .FILL x0072
(309D) 0073  0000000001110011 (  67)                 .FILL x0073
(309E) 0065  0000000001100101 (  67)                 .FILL x0065
(309F) 0020  0000000000100000 (  67)                 .FILL x0020
(30A0) 0032  0000000000110010 (  67)                 .FILL x0032
(30A1) 003A  0000000000111010 (  67)                 .FILL x003A
(30A2) 000A  0000000000001010 (  67)                 .FILL x000A
(30A3) 0000  0000000000000000 (  67)                 .FILL x0000
(30A4) 0045  0000000001000101 (  68) Third_Course_Enter_Grades_Message .FILL x0045
(30A5) 006E  0000000001101110 (  68)                 .FILL x006E
(30A6) 0074  0000000001110100 (  68)                 .FILL x0074
(30A7) 0065  0000000001100101 (  68)                 .FILL x0065
(30A8) 0072  0000000001110010 (  68)                 .FILL x0072
(30A9) 0020  0000000000100000 (  68)                 .FILL x0020
(30AA) 0074  0000000001110100 (  68)                 .FILL x0074
(30AB) 0068  0000000001101000 (  68)                 .FILL x0068
(30AC) 0065  0000000001100101 (  68)                 .FILL x0065
(30AD) 0020  0000000000100000 (  68)                 .FILL x0020
(30AE) 0073  0000000001110011 (  68)                 .FILL x0073
(30AF) 0074  0000000001110100 (  68)                 .FILL x0074
(30B0) 0075  0000000001110101 (  68)                 .FILL x0075
(30B1) 0064  0000000001100100 (  68)                 .FILL x0064
(30B2) 0065  0000000001100101 (  68)                 .FILL x0065
(30B3) 006E  0000000001101110 (  68)                 .FILL x006E
(30B4) 0074  0000000001110100 (  68)                 .FILL x0074
(30B5) 0020  0000000000100000 (  68)                 .FILL x0020
(30B6) 0067  0000000001100111 (  68)                 .FILL x0067
(30B7) 0072  0000000001110010 (  68)                 .FILL x0072
(30B8) 0061  0000000001100001 (  68)                 .FILL x0061
(30B9) 0064  0000000001100100 (  68)                 .FILL x0064
(30BA) 0065  0000000001100101 (  68)                 .FILL x0065
(30BB) 0073  0000000001110011 (  68)                 .FILL x0073
(30BC) 0020  0000000000100000 (  68)                 .FILL x0020
(30BD) 0069  0000000001101001 (  68)                 .FILL x0069
(30BE) 006E  0000000001101110 (  68)                 .FILL x006E
(30BF) 0020  0000000000100000 (  68)                 .FILL x0020
(30C0) 0063  0000000001100011 (  68)                 .FILL x0063
(30C1) 006F  0000000001101111 (  68)                 .FILL x006F
(30C2) 0075  0000000001110101 (  68)                 .FILL x0075
(30C3) 0072  0000000001110010 (  68)                 .FILL x0072
(30C4) 0073  0000000001110011 (  68)                 .FILL x0073
(30C5) 0065  0000000001100101 (  68)                 .FILL x0065
(30C6) 0020  0000000000100000 (  68)                 .FILL x0020
(30C7) 0033  0000000000110011 (  68)                 .FILL x0033
(30C8) 003A  0000000000111010 (  68)                 .FILL x003A
(30C9) 000A  0000000000001010 (  68)                 .FILL x000A
(30CA) 0000  0000000000000000 (  68)                 .FILL x0000
(30CB) 0054  0000000001010100 (  69) Highest_Grades_Output_Message .FILL x0054
(30CC) 0068  0000000001101000 (  69)                 .FILL x0068
(30CD) 0065  0000000001100101 (  69)                 .FILL x0065
(30CE) 0020  0000000000100000 (  69)                 .FILL x0020
(30CF) 0073  0000000001110011 (  69)                 .FILL x0073
(30D0) 0069  0000000001101001 (  69)                 .FILL x0069
(30D1) 0078  0000000001111000 (  69)                 .FILL x0078
(30D2) 0020  0000000000100000 (  69)                 .FILL x0020
(30D3) 0068  0000000001101000 (  69)                 .FILL x0068
(30D4) 0069  0000000001101001 (  69)                 .FILL x0069
(30D5) 0067  0000000001100111 (  69)                 .FILL x0067
(30D6) 0068  0000000001101000 (  69)                 .FILL x0068
(30D7) 0065  0000000001100101 (  69)                 .FILL x0065
(30D8) 0073  0000000001110011 (  69)                 .FILL x0073
(30D9) 0074  0000000001110100 (  69)                 .FILL x0074
(30DA) 0020  0000000000100000 (  69)                 .FILL x0020
(30DB) 0073  0000000001110011 (  69)                 .FILL x0073
(30DC) 0063  0000000001100011 (  69)                 .FILL x0063
(30DD) 006F  0000000001101111 (  69)                 .FILL x006F
(30DE) 0072  0000000001110010 (  69)                 .FILL x0072
(30DF) 0065  0000000001100101 (  69)                 .FILL x0065
(30E0) 0073  0000000001110011 (  69)                 .FILL x0073
(30E1) 0020  0000000000100000 (  69)                 .FILL x0020
(30E2) 0061  0000000001100001 (  69)                 .FILL x0061
(30E3) 0072  0000000001110010 (  69)                 .FILL x0072
(30E4) 0065  0000000001100101 (  69)                 .FILL x0065
(30E5) 003A  0000000000111010 (  69)                 .FILL x003A
(30E6) 0020  0000000000100000 (  69)                 .FILL x0020
(30E7) 0000  0000000000000000 (  69)                 .FILL x0000
(30E8) 0020  0000000000100000 (  71) Space_ASCII     .FILL x0020
(30E9) 0000  0000000000000000 (  79) Best_Grades_Array .FILL x0000
(30EA) 0000  0000000000000000 (  79)                 .FILL x0000
(30EB) 0000  0000000000000000 (  79)                 .FILL x0000
(30EC) 0000  0000000000000000 (  79)                 .FILL x0000
(30ED) 0000  0000000000000000 (  79)                 .FILL x0000
(30EE) 0000  0000000000000000 (  79)                 .FILL x0000
(30EF) 30F5  0011000011110101 (  79) First_Course_Students_List .FILL x30F5
(30F0) 313B  0011000100111011 (  80) Second_Course_Students_List .FILL x313B
(30F1) 3181  0011000110000001 (  81) Third_Course_Students_List .FILL x3181
(30F2) 000A  0000000000001010 (  83) First_Course_Students_List_Length .FILL x000A
(30F3) 000A  0000000000001010 (  84) Second_Course_Students_List_Length .FILL x000A
(30F4) 000A  0000000000001010 (  85) Third_Course_Students_List_Length .FILL x000A
(30F5) 0000  0000000000000000 (  87) First_List_1    .FILL x0000
(30F6) 0000  0000000000000000 (  88)                 .FILL x0000
(30F7) 0000  0000000000000000 (  89)                 .FILL x0000
(30F8) 0000  0000000000000000 (  90)                 .FILL x0000
(30F9) 0000  0000000000000000 (  91)                 .FILL x0000
(30FA) 0000  0000000000000000 (  92)                 .FILL x0000
(30FB) 30FC  0011000011111100 (  93)                 .FILL x30FC
(30FC) 0000  0000000000000000 (  94) First_List_2    .FILL x0000
(30FD) 0000  0000000000000000 (  95)                 .FILL x0000
(30FE) 0000  0000000000000000 (  96)                 .FILL x0000
(30FF) 0000  0000000000000000 (  97)                 .FILL x0000
(3100) 0000  0000000000000000 (  98)                 .FILL x0000
(3101) 30F5  0011000011110101 (  99)                 .FILL x30F5
(3102) 3103  0011000100000011 ( 100)                 .FILL x3103
(3103) 0000  0000000000000000 ( 101) First_List_3    .FILL x0000
(3104) 0000  0000000000000000 ( 102)                 .FILL x0000
(3105) 0000  0000000000000000 ( 103)                 .FILL x0000
(3106) 0000  0000000000000000 ( 104)                 .FILL x0000
(3107) 0000  0000000000000000 ( 105)                 .FILL x0000
(3108) 30FC  0011000011111100 ( 106)                 .FILL x30FC
(3109) 310A  0011000100001010 ( 107)                 .FILL x310A
(310A) 0000  0000000000000000 ( 108) First_List_4    .FILL x0000
(310B) 0000  0000000000000000 ( 109)                 .FILL x0000
(310C) 0000  0000000000000000 ( 110)                 .FILL x0000
(310D) 0000  0000000000000000 ( 111)                 .FILL x0000
(310E) 0000  0000000000000000 ( 112)                 .FILL x0000
(310F) 3103  0011000100000011 ( 113)                 .FILL x3103
(3110) 3111  0011000100010001 ( 114)                 .FILL x3111
(3111) 0000  0000000000000000 ( 115) First_List_5    .FILL x0000
(3112) 0000  0000000000000000 ( 116)                 .FILL x0000
(3113) 0000  0000000000000000 ( 117)                 .FILL x0000
(3114) 0000  0000000000000000 ( 118)                 .FILL x0000
(3115) 0000  0000000000000000 ( 119)                 .FILL x0000
(3116) 310A  0011000100001010 ( 120)                 .FILL x310A
(3117) 3118  0011000100011000 ( 121)                 .FILL x3118
(3118) 0000  0000000000000000 ( 122) First_List_6    .FILL x0000
(3119) 0000  0000000000000000 ( 123)                 .FILL x0000
(311A) 0000  0000000000000000 ( 124)                 .FILL x0000
(311B) 0000  0000000000000000 ( 125)                 .FILL x0000
(311C) 0000  0000000000000000 ( 126)                 .FILL x0000
(311D) 3111  0011000100010001 ( 127)                 .FILL x3111
(311E) 311F  0011000100011111 ( 128)                 .FILL x311F
(311F) 0000  0000000000000000 ( 129) First_List_7    .FILL x0000
(3120) 0000  0000000000000000 ( 130)                 .FILL x0000
(3121) 0000  0000000000000000 ( 131)                 .FILL x0000
(3122) 0000  0000000000000000 ( 132)                 .FILL x0000
(3123) 0000  0000000000000000 ( 133)                 .FILL x0000
(3124) 3118  0011000100011000 ( 134)                 .FILL x3118
(3125) 3126  0011000100100110 ( 135)                 .FILL x3126
(3126) 0000  0000000000000000 ( 136) First_List_8    .FILL x0000
(3127) 0000  0000000000000000 ( 137)                 .FILL x0000
(3128) 0000  0000000000000000 ( 138)                 .FILL x0000
(3129) 0000  0000000000000000 ( 139)                 .FILL x0000
(312A) 0000  0000000000000000 ( 140)                 .FILL x0000
(312B) 311F  0011000100011111 ( 141)                 .FILL x311F
(312C) 312D  0011000100101101 ( 142)                 .FILL x312D
(312D) 0000  0000000000000000 ( 143) First_List_9    .FILL x0000
(312E) 0000  0000000000000000 ( 144)                 .FILL x0000
(312F) 0000  0000000000000000 ( 145)                 .FILL x0000
(3130) 0000  0000000000000000 ( 146)                 .FILL x0000
(3131) 0000  0000000000000000 ( 147)                 .FILL x0000
(3132) 3126  0011000100100110 ( 148)                 .FILL x3126
(3133) 3134  0011000100110100 ( 149)                 .FILL x3134
(3134) 0000  0000000000000000 ( 150) First_List_10   .FILL x0000
(3135) 0000  0000000000000000 ( 151)                 .FILL x0000
(3136) 0000  0000000000000000 ( 152)                 .FILL x0000
(3137) 0000  0000000000000000 ( 153)                 .FILL x0000
(3138) 0000  0000000000000000 ( 154)                 .FILL x0000
(3139) 312D  0011000100101101 ( 155)                 .FILL x312D
(313A) 0000  0000000000000000 ( 156)                 .FILL x0000
(313B) 0000  0000000000000000 ( 158) Second_List_1   .FILL x0000
(313C) 0000  0000000000000000 ( 159)                 .FILL x0000
(313D) 0000  0000000000000000 ( 160)                 .FILL x0000
(313E) 0000  0000000000000000 ( 161)                 .FILL x0000
(313F) 0000  0000000000000000 ( 162)                 .FILL x0000
(3140) 0000  0000000000000000 ( 163)                 .FILL x0000
(3141) 3142  0011000101000010 ( 164)                 .FILL x3142
(3142) 0000  0000000000000000 ( 165) Second_List_2   .FILL x0000
(3143) 0000  0000000000000000 ( 166)                 .FILL x0000
(3144) 0000  0000000000000000 ( 167)                 .FILL x0000
(3145) 0000  0000000000000000 ( 168)                 .FILL x0000
(3146) 0000  0000000000000000 ( 169)                 .FILL x0000
(3147) 313B  0011000100111011 ( 170)                 .FILL x313B
(3148) 3149  0011000101001001 ( 171)                 .FILL x3149
(3149) 0000  0000000000000000 ( 172) Second_List_3   .FILL x0000
(314A) 0000  0000000000000000 ( 173)                 .FILL x0000
(314B) 0000  0000000000000000 ( 174)                 .FILL x0000
(314C) 0000  0000000000000000 ( 175)                 .FILL x0000
(314D) 0000  0000000000000000 ( 176)                 .FILL x0000
(314E) 3142  0011000101000010 ( 177)                 .FILL x3142
(314F) 3150  0011000101010000 ( 178)                 .FILL x3150
(3150) 0000  0000000000000000 ( 179) Second_List_4   .FILL x0000
(3151) 0000  0000000000000000 ( 180)                 .FILL x0000
(3152) 0000  0000000000000000 ( 181)                 .FILL x0000
(3153) 0000  0000000000000000 ( 182)                 .FILL x0000
(3154) 0000  0000000000000000 ( 183)                 .FILL x0000
(3155) 3149  0011000101001001 ( 184)                 .FILL x3149
(3156) 3157  0011000101010111 ( 185)                 .FILL x3157
(3157) 0000  0000000000000000 ( 186) Second_List_5   .FILL x0000
(3158) 0000  0000000000000000 ( 187)                 .FILL x0000
(3159) 0000  0000000000000000 ( 188)                 .FILL x0000
(315A) 0000  0000000000000000 ( 189)                 .FILL x0000
(315B) 0000  0000000000000000 ( 190)                 .FILL x0000
(315C) 3150  0011000101010000 ( 191)                 .FILL x3150
(315D) 315E  0011000101011110 ( 192)                 .FILL x315E
(315E) 0000  0000000000000000 ( 193) Second_List_6   .FILL x0000
(315F) 0000  0000000000000000 ( 194)                 .FILL x0000
(3160) 0000  0000000000000000 ( 195)                 .FILL x0000
(3161) 0000  0000000000000000 ( 196)                 .FILL x0000
(3162) 0000  0000000000000000 ( 197)                 .FILL x0000
(3163) 3157  0011000101010111 ( 198)                 .FILL x3157
(3164) 3165  0011000101100101 ( 199)                 .FILL x3165
(3165) 0000  0000000000000000 ( 200) Second_List_7   .FILL x0000
(3166) 0000  0000000000000000 ( 201)                 .FILL x0000
(3167) 0000  0000000000000000 ( 202)                 .FILL x0000
(3168) 0000  0000000000000000 ( 203)                 .FILL x0000
(3169) 0000  0000000000000000 ( 204)                 .FILL x0000
(316A) 315E  0011000101011110 ( 205)                 .FILL x315E
(316B) 316C  0011000101101100 ( 206)                 .FILL x316C
(316C) 0000  0000000000000000 ( 207) Second_List_8   .FILL x0000
(316D) 0000  0000000000000000 ( 208)                 .FILL x0000
(316E) 0000  0000000000000000 ( 209)                 .FILL x0000
(316F) 0000  0000000000000000 ( 210)                 .FILL x0000
(3170) 0000  0000000000000000 ( 211)                 .FILL x0000
(3171) 3165  0011000101100101 ( 212)                 .FILL x3165
(3172) 3173  0011000101110011 ( 213)                 .FILL x3173
(3173) 0000  0000000000000000 ( 214) Second_List_9   .FILL x0000
(3174) 0000  0000000000000000 ( 215)                 .FILL x0000
(3175) 0000  0000000000000000 ( 216)                 .FILL x0000
(3176) 0000  0000000000000000 ( 217)                 .FILL x0000
(3177) 0000  0000000000000000 ( 218)                 .FILL x0000
(3178) 316C  0011000101101100 ( 219)                 .FILL x316C
(3179) 317A  0011000101111010 ( 220)                 .FILL x317A
(317A) 0000  0000000000000000 ( 221) Second_List_10  .FILL x0000
(317B) 0000  0000000000000000 ( 222)                 .FILL x0000
(317C) 0000  0000000000000000 ( 223)                 .FILL x0000
(317D) 0000  0000000000000000 ( 224)                 .FILL x0000
(317E) 0000  0000000000000000 ( 225)                 .FILL x0000
(317F) 3173  0011000101110011 ( 226)                 .FILL x3173
(3180) 0000  0000000000000000 ( 227)                 .FILL x0000
(3181) 0000  0000000000000000 ( 229) Third_List_1    .FILL x0000
(3182) 0000  0000000000000000 ( 230)                 .FILL x0000
(3183) 0000  0000000000000000 ( 231)                 .FILL x0000
(3184) 0000  0000000000000000 ( 232)                 .FILL x0000
(3185) 0000  0000000000000000 ( 233)                 .FILL x0000
(3186) 0000  0000000000000000 ( 234)                 .FILL x0000
(3187) 3188  0011000110001000 ( 235)                 .FILL x3188
(3188) 0000  0000000000000000 ( 236) Third_List_2    .FILL x0000
(3189) 0000  0000000000000000 ( 237)                 .FILL x0000
(318A) 0000  0000000000000000 ( 238)                 .FILL x0000
(318B) 0000  0000000000000000 ( 239)                 .FILL x0000
(318C) 0000  0000000000000000 ( 240)                 .FILL x0000
(318D) 3181  0011000110000001 ( 241)                 .FILL x3181
(318E) 318F  0011000110001111 ( 242)                 .FILL x318F
(318F) 0000  0000000000000000 ( 243) Third_List_3    .FILL x0000
(3190) 0000  0000000000000000 ( 244)                 .FILL x0000
(3191) 0000  0000000000000000 ( 245)                 .FILL x0000
(3192) 0000  0000000000000000 ( 246)                 .FILL x0000
(3193) 0000  0000000000000000 ( 247)                 .FILL x0000
(3194) 3188  0011000110001000 ( 248)                 .FILL x3188
(3195) 3196  0011000110010110 ( 249)                 .FILL x3196
(3196) 0000  0000000000000000 ( 250) Third_List_4    .FILL x0000
(3197) 0000  0000000000000000 ( 251)                 .FILL x0000
(3198) 0000  0000000000000000 ( 252)                 .FILL x0000
(3199) 0000  0000000000000000 ( 253)                 .FILL x0000
(319A) 0000  0000000000000000 ( 254)                 .FILL x0000
(319B) 318F  0011000110001111 ( 255)                 .FILL x318F
(319C) 319D  0011000110011101 ( 256)                 .FILL x319D
(319D) 0000  0000000000000000 ( 257) Third_List_5    .FILL x0000
(319E) 0000  0000000000000000 ( 258)                 .FILL x0000
(319F) 0000  0000000000000000 ( 259)                 .FILL x0000
(31A0) 0000  0000000000000000 ( 260)                 .FILL x0000
(31A1) 0000  0000000000000000 ( 261)                 .FILL x0000
(31A2) 3196  0011000110010110 ( 262)                 .FILL x3196
(31A3) 31A4  0011000110100100 ( 263)                 .FILL x31A4
(31A4) 0000  0000000000000000 ( 264) Third_List_6    .FILL x0000
(31A5) 0000  0000000000000000 ( 265)                 .FILL x0000
(31A6) 0000  0000000000000000 ( 266)                 .FILL x0000
(31A7) 0000  0000000000000000 ( 267)                 .FILL x0000
(31A8) 0000  0000000000000000 ( 268)                 .FILL x0000
(31A9) 319D  0011000110011101 ( 269)                 .FILL x319D
(31AA) 31AB  0011000110101011 ( 270)                 .FILL x31AB
(31AB) 0000  0000000000000000 ( 271) Third_List_7    .FILL x0000
(31AC) 0000  0000000000000000 ( 272)                 .FILL x0000
(31AD) 0000  0000000000000000 ( 273)                 .FILL x0000
(31AE) 0000  0000000000000000 ( 274)                 .FILL x0000
(31AF) 0000  0000000000000000 ( 275)                 .FILL x0000
(31B0) 31A4  0011000110100100 ( 276)                 .FILL x31A4
(31B1) 31B2  0011000110110010 ( 277)                 .FILL x31B2
(31B2) 0000  0000000000000000 ( 278) Third_List_8    .FILL x0000
(31B3) 0000  0000000000000000 ( 279)                 .FILL x0000
(31B4) 0000  0000000000000000 ( 280)                 .FILL x0000
(31B5) 0000  0000000000000000 ( 281)                 .FILL x0000
(31B6) 0000  0000000000000000 ( 282)                 .FILL x0000
(31B7) 31AB  0011000110101011 ( 283)                 .FILL x31AB
(31B8) 31B9  0011000110111001 ( 284)                 .FILL x31B9
(31B9) 0000  0000000000000000 ( 285) Third_List_9    .FILL x0000
(31BA) 0000  0000000000000000 ( 286)                 .FILL x0000
(31BB) 0000  0000000000000000 ( 287)                 .FILL x0000
(31BC) 0000  0000000000000000 ( 288)                 .FILL x0000
(31BD) 0000  0000000000000000 ( 289)                 .FILL x0000
(31BE) 31B2  0011000110110010 ( 290)                 .FILL x31B2
(31BF) 31C0  0011000111000000 ( 291)                 .FILL x31C0
(31C0) 0000  0000000000000000 ( 292) Third_List_10   .FILL x0000
(31C1) 0000  0000000000000000 ( 293)                 .FILL x0000
(31C2) 0000  0000000000000000 ( 294)                 .FILL x0000
(31C3) 0000  0000000000000000 ( 295)                 .FILL x0000
(31C4) 0000  0000000000000000 ( 296)                 .FILL x0000
(31C5) 31B9  0011000110111001 ( 297)                 .FILL x31B9
(31C6) 0000  0000000000000000 ( 298)                 .FILL x0000
(31C7) 0000  0000000000000000 ( 304) ConcatenateLists_Save_R0 .FILL x0000
(31C8) 0000  0000000000000000 ( 305) ConcatenateLists_Save_R1 .FILL x0000
(31C9) 0000  0000000000000000 ( 306) ConcatenateLists_Save_R2 .FILL x0000
(31CA) 0000  0000000000000000 ( 307) ConcatenateLists_Save_R3 .FILL x0000
(31CB) 0000  0000000000000000 ( 308) ConcatenateLists_Save_R4 .FILL x0000
(31CC) 0000  0000000000000000 ( 309) ConcatenateLists_Save_R7 .FILL x0000
(31CD) 31F9  0011000111111001 ( 313) ConcatenateLists ST    R0 ConcatenateLists_Save_R0
(31CE) 33F9  0011001111111001 ( 314)                 ST    R1 ConcatenateLists_Save_R1
(31CF) 35F9  0011010111111001 ( 315)                 ST    R2 ConcatenateLists_Save_R2
(31D0) 37F9  0011011111111001 ( 316)                 ST    R3 ConcatenateLists_Save_R3
(31D1) 39F9  0011100111111001 ( 317)                 ST    R4 ConcatenateLists_Save_R4
(31D2) 3FF9  0011111111111001 ( 318)                 ST    R7 ConcatenateLists_Save_R7
(31D3) 5020  0101000000100000 ( 321)                 AND   R0 R0 #0
(31D4) 5260  0101001001100000 ( 322)                 AND   R1 R1 #0
(31D5) 54A0  0101010010100000 ( 323)                 AND   R2 R2 #0
(31D6) 56E0  0101011011100000 ( 324)                 AND   R3 R3 #0
(31D7) 5920  0101100100100000 ( 325)                 AND   R4 R4 #0
(31D8) 2116  0010000100010110 ( 331)                 LD    R0 First_Course_Students_List
(31D9) 2318  0010001100011000 ( 332)                 LD    R1 First_Course_Students_List_Length
(31DA) 2515  0010010100010101 ( 333)                 LD    R2 Second_Course_Students_List
(31DB) 2717  0010011100010111 ( 334)                 LD    R3 Second_Course_Students_List_Length
(31DC) 2914  0010100100010100 ( 335)                 LD    R4 Third_Course_Students_List
(31DD) 127F  0001001001111111 ( 338) First_List_Loop ADD   R1 R1 #-1
(31DE) 0402  0000010000000010 ( 339)                 BRZ   Concat_First_To_Second
(31DF) 6006  0110000000000110 ( 340)                 LDR   R0 R0 #6
(31E0) 0FFC  0000111111111100 ( 341)                 BRNZP First_List_Loop
(31E1) 7406  0111010000000110 ( 344) Concat_First_To_Second STR   R2 R0 #6
(31E2) 7085  0111000010000101 ( 345)                 STR   R0 R2 #5
(31E3) 16FF  0001011011111111 ( 348) Second_List_Loop ADD   R3 R3 #-1
(31E4) 0402  0000010000000010 ( 349)                 BRZ   Concat_Second_To_Third
(31E5) 6486  0110010010000110 ( 350)                 LDR   R2 R2 #6
(31E6) 0FFC  0000111111111100 ( 351)                 BRNZP Second_List_Loop
(31E7) 7886  0111100010000110 ( 354) Concat_Second_To_Third STR   R4 R2 #6
(31E8) 7505  0111010100000101 ( 355)                 STR   R2 R4 #5
(31E9) 2308  0010001100001000 ( 357)                 LD    R1 First_Course_Students_List_Length
(31EA) 2508  0010010100001000 ( 358)                 LD    R2 Second_Course_Students_List_Length
(31EB) 2708  0010011100001000 ( 359)                 LD    R3 Third_Course_Students_List_Length
(31EC) 1242  0001001001000010 ( 360)                 ADD   R1 R1 R2
(31ED) 1243  0001001001000011 ( 361)                 ADD   R1 R1 R3
(31EE) 3303  0011001100000011 ( 362)                 ST    R1 First_Course_Students_List_Length
(31EF) 21D7  0010000111010111 ( 365)                 LD    R0 ConcatenateLists_Save_R0
(31F0) 23D7  0010001111010111 ( 366)                 LD    R1 ConcatenateLists_Save_R1
(31F1) 25D7  0010010111010111 ( 367)                 LD    R2 ConcatenateLists_Save_R2
(31F2) 27D7  0010011111010111 ( 368)                 LD    R3 ConcatenateLists_Save_R3
(31F3) 29D7  0010100111010111 ( 369)                 LD    R4 ConcatenateLists_Save_R4
(31F4) 2FD7  0010111111010111 ( 370)                 LD    R7 ConcatenateLists_Save_R7
(31F5) C1C0  1100000111000000 ( 372)                 RET   
(31F6) 0000  0000000000000000 ( 378) GetNumberOfStudents_Save_R0 .FILL x0000
(31F7) 0000  0000000000000000 ( 379) GetNumberOfStudents_Save_R1 .FILL x0000
(31F8) 0000  0000000000000000 ( 380) GetNumberOfStudents_Save_R3 .FILL x0000
(31F9) 0000  0000000000000000 ( 381) GetNumberOfStudents_Save_R4 .FILL x0000
(31FA) 0000  0000000000000000 ( 382) GetNumberOfStudents_Save_R5 .FILL x0000
(31FB) 0000  0000000000000000 ( 383) GetNumberOfStudents_Save_R6 .FILL x0000
(31FC) 0000  0000000000000000 ( 384) GetNumberOfStudents_Save_R7 .FILL x0000
(31FD) FFE0  1111111111100000 ( 386) Space_ASCII_Check .FILL xFFE0
(31FE) FFD0  1111111111010000 ( 387) Zero_ASCII_Check .FILL xFFD0
(31FF) 31F6  0011000111110110 ( 391) GetNumberOfStudents ST    R0 GetNumberOfStudents_Save_R0
(3200) 33F6  0011001111110110 ( 392)                 ST    R1 GetNumberOfStudents_Save_R1
(3201) 37F6  0011011111110110 ( 393)                 ST    R3 GetNumberOfStudents_Save_R3
(3202) 39F6  0011100111110110 ( 394)                 ST    R4 GetNumberOfStudents_Save_R4
(3203) 3BF6  0011101111110110 ( 395)                 ST    R5 GetNumberOfStudents_Save_R5
(3204) 3DF6  0011110111110110 ( 396)                 ST    R6 GetNumberOfStudents_Save_R6
(3205) 3FF6  0011111111110110 ( 397)                 ST    R7 GetNumberOfStudents_Save_R7
(3206) 5020  0101000000100000 ( 400)                 AND   R0 R0 #0
(3207) 5260  0101001001100000 ( 401)                 AND   R1 R1 #0
(3208) 56E0  0101011011100000 ( 403)                 AND   R3 R3 #0
(3209) 5920  0101100100100000 ( 404)                 AND   R4 R4 #0
(320A) 5B60  0101101101100000 ( 405)                 AND   R5 R5 #0
(320B) 5DA0  0101110110100000 ( 406)                 AND   R6 R6 #0
(320C) 5FE0  0101111111100000 ( 407)                 AND   R7 R7 #0
(320D) 1263  0001001001100011 ( 410)                 ADD   R1 R1 #3
(320E) 56E0  0101011011100000 ( 414) GetNumberOfStudents_Loop AND   R3 R3 #0
(320F) 5920  0101100100100000 ( 415)                 AND   R4 R4 #0
(3210) F020  1111000000100000 ( 418) Input_Students_Number_Loop TRAP  x20
(3211) F021  1111000000100001 ( 419)                 TRAP  x21
(3212) 2BEA  0010101111101010 ( 420)                 LD    R5 Space_ASCII_Check
(3213) 1B40  0001101101000000 ( 421)                 ADD   R5 R5 R0
(3214) 040F  0000010000001111 ( 422)                 BRZ   Store_Current_Number
(3215) 1A36  0001101000110110 ( 423)                 ADD   R5 R0 #-10
(3216) 040D  0000010000001101 ( 424)                 BRZ   Store_Current_Number
(3217) 2BE6  0010101111100110 ( 426)                 LD    R5 Zero_ASCII_Check
(3218) 1F40  0001111101000000 ( 427)                 ADD   R7 R5 R0
(3219) 1920  0001100100100000 ( 429)                 ADD   R4 R4 #0
(321A) 0406  0000010000000110 ( 430)                 BRZ   End_Students_Number_Loop
(321B) 1AE0  0001101011100000 ( 432)                 ADD   R5 R3 #0
(321C) 5DA0  0101110110100000 ( 433)                 AND   R6 R6 #0
(321D) 1DA9  0001110110101001 ( 434)                 ADD   R6 R6 #9
(321E) 16C5  0001011011000101 ( 436) Multiply_By_10  ADD   R3 R3 R5
(321F) 1DBF  0001110110111111 ( 437)                 ADD   R6 R6 #-1
(3220) 03FD  0000001111111101 ( 438)                 BRP   Multiply_By_10
(3221) 1921  0001100100100001 ( 441) End_Students_Number_Loop ADD   R4 R4 #1
(3222) 16C7  0001011011000111 ( 442)                 ADD   R3 R3 R7
(3223) 0FEC  0000111111101100 ( 443)                 BRNZP Input_Students_Number_Loop
(3224) 1920  0001100100100000 ( 446) Store_Current_Number ADD   R4 R4 #0
(3225) 05EA  0000010111101010 ( 447)                 BRZ   Input_Students_Number_Loop
(3226) 7680  0111011010000000 ( 448)                 STR   R3 R2 #0
(3227) 14A1  0001010010100001 ( 449)                 ADD   R2 R2 #1
(3228) 127F  0001001001111111 ( 451)                 ADD   R1 R1 #-1
(3229) 03E4  0000001111100100 ( 452)                 BRP   GetNumberOfStudents_Loop
(322A) 21CB  0010000111001011 ( 455)                 LD    R0 GetNumberOfStudents_Save_R0
(322B) 23CB  0010001111001011 ( 456)                 LD    R1 GetNumberOfStudents_Save_R1
(322C) 27CB  0010011111001011 ( 457)                 LD    R3 GetNumberOfStudents_Save_R3
(322D) 29CB  0010100111001011 ( 458)                 LD    R4 GetNumberOfStudents_Save_R4
(322E) 2BCB  0010101111001011 ( 459)                 LD    R5 GetNumberOfStudents_Save_R5
(322F) 2DCB  0010110111001011 ( 460)                 LD    R6 GetNumberOfStudents_Save_R6
(3230) 2FCB  0010111111001011 ( 461)                 LD    R7 GetNumberOfStudents_Save_R7
(3231) C1C0  1100000111000000 ( 463)                 RET   
(3232) 0000  0000000000000000 ( 469) GetStudentGrades_Save_R0 .FILL x0000
(3233) 0000  0000000000000000 ( 470) GetStudentGrades_Save_R1 .FILL x0000
(3234) 0000  0000000000000000 ( 471) GetStudentGrades_Save_R2 .FILL x0000
(3235) 0000  0000000000000000 ( 472) GetStudentGrades_Save_R3 .FILL x0000
(3236) 0000  0000000000000000 ( 473) GetStudentGrades_Save_R4 .FILL x0000
(3237) 0000  0000000000000000 ( 474) GetStudentGrades_Save_R5 .FILL x0000
(3238) 0000  0000000000000000 ( 475) GetStudentGrades_Save_R6 .FILL x0000
(3239) 0000  0000000000000000 ( 476) GetStudentGrades_Save_R7 .FILL x0000
(323A) 31F7  0011000111110111 ( 480) GetStudentGrades ST    R0 GetStudentGrades_Save_R0
(323B) 33F7  0011001111110111 ( 481)                 ST    R1 GetStudentGrades_Save_R1
(323C) 35F7  0011010111110111 ( 482)                 ST    R2 GetStudentGrades_Save_R2
(323D) 37F7  0011011111110111 ( 483)                 ST    R3 GetStudentGrades_Save_R3
(323E) 39F7  0011100111110111 ( 484)                 ST    R4 GetStudentGrades_Save_R4
(323F) 3BF7  0011101111110111 ( 485)                 ST    R5 GetStudentGrades_Save_R5
(3240) 3DF7  0011110111110111 ( 486)                 ST    R6 GetStudentGrades_Save_R6
(3241) 3FF7  0011111111110111 ( 487)                 ST    R7 GetStudentGrades_Save_R7
(3242) 5020  0101000000100000 ( 490)                 AND   R0 R0 #0
(3243) 56E0  0101011011100000 ( 493)                 AND   R3 R3 #0
(3244) 5920  0101100100100000 ( 494)                 AND   R4 R4 #0
(3245) 5B60  0101101101100000 ( 495)                 AND   R5 R5 #0
(3246) 5DA0  0101110110100000 ( 496)                 AND   R6 R6 #0
(3247) 5FE0  0101111111100000 ( 497)                 AND   R7 R7 #0
(3248) 14BF  0001010010111111 ( 501) GetStudentGrades_Loop ADD   R2 R2 #-1
(3249) 5920  0101100100100000 ( 504) Input_Student_Grades_Loop AND   R4 R4 #0
(324A) F020  1111000000100000 ( 507) Input_One_Grade_Loop TRAP  x20
(324B) F021  1111000000100001 ( 508)                 TRAP  x21
(324C) 2BB0  0010101110110000 ( 509)                 LD    R5 Space_ASCII_Check
(324D) 1B40  0001101101000000 ( 510)                 ADD   R5 R5 R0
(324E) 040F  0000010000001111 ( 511)                 BRZ   Store_Current_Grade
(324F) 1A36  0001101000110110 ( 512)                 ADD   R5 R0 #-10
(3250) 040D  0000010000001101 ( 513)                 BRZ   Store_Current_Grade
(3251) 2BAC  0010101110101100 ( 515)                 LD    R5 Zero_ASCII_Check
(3252) 1F40  0001111101000000 ( 516)                 ADD   R7 R5 R0
(3253) 1920  0001100100100000 ( 518)                 ADD   R4 R4 #0
(3254) 0406  0000010000000110 ( 519)                 BRZ   End_One_Grade_Loop
(3255) 1AE0  0001101011100000 ( 521)                 ADD   R5 R3 #0
(3256) 5DA0  0101110110100000 ( 522)                 AND   R6 R6 #0
(3257) 1DA9  0001110110101001 ( 523)                 ADD   R6 R6 #9
(3258) 16C5  0001011011000101 ( 525) Multiply_10     ADD   R3 R3 R5
(3259) 1DBF  0001110110111111 ( 526)                 ADD   R6 R6 #-1
(325A) 03FD  0000001111111101 ( 527)                 BRP   Multiply_10
(325B) 1921  0001100100100001 ( 530) End_One_Grade_Loop ADD   R4 R4 #1
(325C) 16C7  0001011011000111 ( 531)                 ADD   R3 R3 R7
(325D) 0FEC  0000111111101100 ( 532)                 BRNZP Input_One_Grade_Loop
(325E) 1920  0001100100100000 ( 535) Store_Current_Grade ADD   R4 R4 #0
(325F) 05EA  0000010111101010 ( 536)                 BRZ   Input_One_Grade_Loop
(3260) 7640  0111011001000000 ( 537)                 STR   R3 R1 #0
(3261) 1261  0001001001100001 ( 538)                 ADD   R1 R1 #1
(3262) 56E0  0101011011100000 ( 539)                 AND   R3 R3 #0
(3263) 1A36  0001101000110110 ( 541)                 ADD   R5 R0 #-10
(3264) 0BE4  0000101111100100 ( 542)                 BRNP  Input_Student_Grades_Loop
(3265) 1E7C  0001111001111100 ( 544)                 ADD   R7 R1 #-4
(3266) 6242  0110001001000010 ( 545)                 LDR   R1 R1 #2
(3267) 14A0  0001010010100000 ( 546)                 ADD   R2 R2 #0
(3268) 03DF  0000001111011111 ( 547)                 BRP   GetStudentGrades_Loop
(3269) 5DA0  0101110110100000 ( 549)                 AND   R6 R6 #0
(326A) 7DC6  0111110111000110 ( 550)                 STR   R6 R7 #6
(326B) 21C6  0010000111000110 ( 553)                 LD    R0 GetStudentGrades_Save_R0
(326C) 23C6  0010001111000110 ( 554)                 LD    R1 GetStudentGrades_Save_R1
(326D) 25C6  0010010111000110 ( 555)                 LD    R2 GetStudentGrades_Save_R2
(326E) 27C6  0010011111000110 ( 556)                 LD    R3 GetStudentGrades_Save_R3
(326F) 29C6  0010100111000110 ( 557)                 LD    R4 GetStudentGrades_Save_R4
(3270) 2BC6  0010101111000110 ( 558)                 LD    R5 GetStudentGrades_Save_R5
(3271) 2DC6  0010110111000110 ( 559)                 LD    R6 GetStudentGrades_Save_R6
(3272) 2FC6  0010111111000110 ( 560)                 LD    R7 GetStudentGrades_Save_R7
(3273) C1C0  1100000111000000 ( 562)                 RET   
(3274) 0000  0000000000000000 ( 568) AverageCalculator_Save_R0 .FILL x0000
(3275) 0000  0000000000000000 ( 569) AverageCalculator_Save_R1 .FILL x0000
(3276) 0000  0000000000000000 ( 570) AverageCalculator_Save_R2 .FILL x0000
(3277) 0000  0000000000000000 ( 571) AverageCalculator_Save_R3 .FILL x0000
(3278) 0000  0000000000000000 ( 572) AverageCalculator_Save_R4 .FILL x0000
(3279) 0000  0000000000000000 ( 573) AverageCalculator_Save_R5 .FILL x0000
(327A) 0000  0000000000000000 ( 574) AverageCalculator_Save_R7 .FILL x0000
(327B) 31F8  0011000111111000 ( 578) AverageCalculator ST    R0 AverageCalculator_Save_R0
(327C) 33F8  0011001111111000 ( 579)                 ST    R1 AverageCalculator_Save_R1
(327D) 35F8  0011010111111000 ( 580)                 ST    R2 AverageCalculator_Save_R2
(327E) 37F8  0011011111111000 ( 581)                 ST    R3 AverageCalculator_Save_R3
(327F) 39F8  0011100111111000 ( 582)                 ST    R4 AverageCalculator_Save_R4
(3280) 3BF8  0011101111111000 ( 583)                 ST    R5 AverageCalculator_Save_R5
(3281) 3FF8  0011111111111000 ( 584)                 ST    R7 AverageCalculator_Save_R7
(3282) 5020  0101000000100000 ( 587)                 AND   R0 R0 #0
(3283) 56E0  0101011011100000 ( 590)                 AND   R3 R3 #0
(3284) 5920  0101100100100000 ( 591)                 AND   R4 R4 #0
(3285) 5B60  0101101101100000 ( 592)                 AND   R5 R5 #0
(3286) 5FE0  0101111111100000 ( 594)                 AND   R7 R7 #0
(3287) 1860  0001100001100000 ( 597)                 ADD   R4 R1 #0
(3288) 1AA0  0001101010100000 ( 598)                 ADD   R5 R2 #0
(3289) 5020  0101000000100000 ( 602) AverageCalculator_Loop AND   R0 R0 #0
(328A) 5260  0101001001100000 ( 603)                 AND   R1 R1 #0
(328B) 6700  0110011100000000 ( 606) Sum_Student_Grades_Loop LDR   R3 R4 #0
(328C) 1003  0001000000000011 ( 607)                 ADD   R0 R0 R3
(328D) 1261  0001001001100001 ( 609)                 ADD   R1 R1 #1
(328E) 1921  0001100100100001 ( 610)                 ADD   R4 R4 #1
(328F) 167C  0001011001111100 ( 612)                 ADD   R3 R1 #-4
(3290) 0BFA  0000101111111010 ( 613)                 BRNP  Sum_Student_Grades_Loop
(3291) 48C9  0100100011001001 ( 615)                 JSR   Div
(3292) 7500  0111010100000000 ( 616)                 STR   R2 R4 #0
(3293) 6902  0110100100000010 ( 618)                 LDR   R4 R4 #2
(3294) 1B7F  0001101101111111 ( 619)                 ADD   R5 R5 #-1
(3295) 03F3  0000001111110011 ( 620)                 BRP   AverageCalculator_Loop
(3296) 21DD  0010000111011101 ( 623)                 LD    R0 AverageCalculator_Save_R0
(3297) 23DD  0010001111011101 ( 624)                 LD    R1 AverageCalculator_Save_R1
(3298) 25DD  0010010111011101 ( 625)                 LD    R2 AverageCalculator_Save_R2
(3299) 27DD  0010011111011101 ( 626)                 LD    R3 AverageCalculator_Save_R3
(329A) 29DD  0010100111011101 ( 627)                 LD    R4 AverageCalculator_Save_R4
(329B) 2BDD  0010101111011101 ( 628)                 LD    R5 AverageCalculator_Save_R5
(329C) 2FDD  0010111111011101 ( 629)                 LD    R7 AverageCalculator_Save_R7
(329D) C1C0  1100000111000000 ( 631)                 RET   
(329E) 0000  0000000000000000 ( 637) BubbleSort_Save_R0 .FILL x0000
(329F) 0000  0000000000000000 ( 638) BubbleSort_Save_R1 .FILL x0000
(32A0) 0000  0000000000000000 ( 639) BubbleSort_Save_R2 .FILL x0000
(32A1) 0000  0000000000000000 ( 640) BubbleSort_Save_R3 .FILL x0000
(32A2) 0000  0000000000000000 ( 641) BubbleSort_Save_R4 .FILL x0000
(32A3) 0000  0000000000000000 ( 642) BubbleSort_Save_R5 .FILL x0000
(32A4) 0000  0000000000000000 ( 643) BubbleSort_Save_R6 .FILL x0000
(32A5) 0000  0000000000000000 ( 644) BubbleSort_Save_R7 .FILL x0000
(32A6) 31F7  0011000111110111 ( 648) BubbleSort      ST    R0 BubbleSort_Save_R0
(32A7) 35F8  0011010111111000 ( 649)                 ST    R2 BubbleSort_Save_R2
(32A8) 37F8  0011011111111000 ( 650)                 ST    R3 BubbleSort_Save_R3
(32A9) 39F8  0011100111111000 ( 651)                 ST    R4 BubbleSort_Save_R4
(32AA) 3BF8  0011101111111000 ( 652)                 ST    R5 BubbleSort_Save_R5
(32AB) 3DF8  0011110111111000 ( 653)                 ST    R6 BubbleSort_Save_R6
(32AC) 3FF8  0011111111111000 ( 654)                 ST    R7 BubbleSort_Save_R7
(32AD) 5020  0101000000100000 ( 657)                 AND   R0 R0 #0
(32AE) 56E0  0101011011100000 ( 660)                 AND   R3 R3 #0
(32AF) 5920  0101100100100000 ( 661)                 AND   R4 R4 #0
(32B0) 5B60  0101101101100000 ( 662)                 AND   R5 R5 #0
(32B1) 5DA0  0101110110100000 ( 663)                 AND   R6 R6 #0
(32B2) 5FE0  0101111111100000 ( 664)                 AND   R7 R7 #0
(32B3) 1060  0001000001100000 ( 667)                 ADD   R0 R1 #0
(32B4) 16A0  0001011010100000 ( 668)                 ADD   R3 R2 #0
(32B5) 18FF  0001100011111111 ( 672) BubbleSort_Loop ADD   R4 R3 #-1
(32B6) 6446  0110010001000110 ( 675) Bubble_Min_To_The_End LDR   R2 R1 #6
(32B7) 6C44  0110110001000100 ( 677)                 LDR   R6 R1 #4
(32B8) 6E84  0110111010000100 ( 678)                 LDR   R7 R2 #4
(32B9) 9FFF  1001111111111111 ( 679)                 NOT   R7 R7
(32BA) 1FE1  0001111111100001 ( 680)                 ADD   R7 R7 #1
(32BB) 1D87  0001110110000111 ( 681)                 ADD   R6 R6 R7
(32BC) 0611  0000011000010001 ( 682)                 BRZP  Continue_BubbleSort
(32BD) 6C45  0110110001000101 ( 684)                 LDR   R6 R1 #5
(32BE) 0A01  0000101000000001 ( 685)                 BRNP  Swap
(32BF) 10A0  0001000010100000 ( 686)                 ADD   R0 R2 #0
(32C0) 6C45  0110110001000101 ( 689) Swap            LDR   R6 R1 #5
(32C1) 7C85  0111110010000101 ( 690)                 STR   R6 R2 #5
(32C2) 6C86  0110110010000110 ( 691)                 LDR   R6 R2 #6
(32C3) 7C46  0111110001000110 ( 692)                 STR   R6 R1 #6
(32C4) 7445  0111010001000101 ( 693)                 STR   R2 R1 #5
(32C5) 7286  0111001010000110 ( 694)                 STR   R1 R2 #6
(32C6) 1DA0  0001110110100000 ( 696)                 ADD   R6 R6 #0
(32C7) 0401  0000010000000001 ( 697)                 BRZ   Skip_NextPrev_Swap
(32C8) 7385  0111001110000101 ( 698)                 STR   R1 R6 #5
(32C9) 6C85  0110110010000101 ( 700) Skip_NextPrev_Swap LDR   R6 R2 #5
(32CA) 1DA0  0001110110100000 ( 702)                 ADD   R6 R6 #0
(32CB) 0401  0000010000000001 ( 703)                 BRZ   Skip_PrevNext_Swap
(32CC) 7586  0111010110000110 ( 704)                 STR   R2 R6 #6
(32CD) 12A0  0001001010100000 ( 706) Skip_PrevNext_Swap ADD   R1 R2 #0
(32CE) 6246  0110001001000110 ( 709) Continue_BubbleSort LDR   R1 R1 #6
(32CF) 193F  0001100100111111 ( 710)                 ADD   R4 R4 #-1
(32D0) 03E5  0000001111100101 ( 711)                 BRP   Bubble_Min_To_The_End
(32D1) 1220  0001001000100000 ( 713)                 ADD   R1 R0 #0
(32D2) 16FF  0001011011111111 ( 714)                 ADD   R3 R3 #-1
(32D3) 03E1  0000001111100001 ( 715)                 BRP   BubbleSort_Loop
(32D4) 1220  0001001000100000 ( 717)                 ADD   R1 R0 #0
(32D5) 14E0  0001010011100000 ( 718)                 ADD   R2 R3 #0
(32D6) 21C7  0010000111000111 ( 721)                 LD    R0 BubbleSort_Save_R0
(32D7) 25C8  0010010111001000 ( 722)                 LD    R2 BubbleSort_Save_R2
(32D8) 27C8  0010011111001000 ( 723)                 LD    R3 BubbleSort_Save_R3
(32D9) 29C8  0010100111001000 ( 724)                 LD    R4 BubbleSort_Save_R4
(32DA) 2BC8  0010101111001000 ( 725)                 LD    R5 BubbleSort_Save_R5
(32DB) 2DC8  0010110111001000 ( 726)                 LD    R6 BubbleSort_Save_R6
(32DC) 2FC8  0010111111001000 ( 727)                 LD    R7 BubbleSort_Save_R7
(32DD) C1C0  1100000111000000 ( 729)                 RET   
(32DE) 0000  0000000000000000 ( 735) BestStudent_Save_R0 .FILL x0000
(32DF) 0000  0000000000000000 ( 736) BestStudent_Save_R1 .FILL x0000
(32E0) 0000  0000000000000000 ( 737) BestStudent_Save_R2 .FILL x0000
(32E1) 0000  0000000000000000 ( 738) BestStudent_Save_R3 .FILL x0000
(32E2) 0000  0000000000000000 ( 739) BestStudent_Save_R4 .FILL x0000
(32E3) 0000  0000000000000000 ( 740) BestStudent_Save_R5 .FILL x0000
(32E4) 0000  0000000000000000 ( 741) BestStudent_Save_R6 .FILL x0000
(32E5) 0000  0000000000000000 ( 742) BestStudent_Save_R7 .FILL x0000
(32E6) 31F7  0011000111110111 ( 746) BestStudent     ST    R0 BestStudent_Save_R0
(32E7) 33F7  0011001111110111 ( 747)                 ST    R1 BestStudent_Save_R1
(32E8) 35F7  0011010111110111 ( 748)                 ST    R2 BestStudent_Save_R2
(32E9) 37F7  0011011111110111 ( 749)                 ST    R3 BestStudent_Save_R3
(32EA) 39F7  0011100111110111 ( 750)                 ST    R4 BestStudent_Save_R4
(32EB) 3BF7  0011101111110111 ( 751)                 ST    R5 BestStudent_Save_R5
(32EC) 3DF7  0011110111110111 ( 752)                 ST    R6 BestStudent_Save_R6
(32ED) 3FF7  0011111111110111 ( 753)                 ST    R7 BestStudent_Save_R7
(32EE) 56E0  0101011011100000 ( 759)                 AND   R3 R3 #0
(32EF) 5920  0101100100100000 ( 760)                 AND   R4 R4 #0
(32F0) 5B60  0101101101100000 ( 761)                 AND   R5 R5 #0
(32F1) 5DA0  0101110110100000 ( 762)                 AND   R6 R6 #0
(32F2) 5FE0  0101111111100000 ( 763)                 AND   R7 R7 #0
(32F3) 1620  0001011000100000 ( 766)                 ADD   R3 R0 #0
(32F4) 1926  0001100100100110 ( 767)                 ADD   R4 R4 #6
(32F5) 7AC0  0111101011000000 ( 769) Reset_Best_Grades_Array_Loop STR   R5 R3 #0
(32F6) 16E1  0001011011100001 ( 770)                 ADD   R3 R3 #1
(32F7) 193F  0001100100111111 ( 771)                 ADD   R4 R4 #-1
(32F8) 03FC  0000001111111100 ( 772)                 BRP   Reset_Best_Grades_Array_Loop
(32F9) 4FAC  0100111110101100 ( 775)                 JSR   BubbleSort
(32FA) 16E6  0001011011100110 ( 777)                 ADD   R3 R3 #6
(32FB) 6644  0110011001000100 ( 779)                 LDR   R3 R1 #4
(32FC) 7600  0111011000000000 ( 780)                 STR   R3 R0 #0
(32FD) 6246  0110001001000110 ( 781)                 LDR   R1 R1 #6
(32FE) 14BF  0001010010111111 ( 783) BestStudent_Loop ADD   R2 R2 #-1
(32FF) 0C0C  0000110000001100 ( 784)                 BRNZ  End_BestStudent
(3300) 6644  0110011001000100 ( 786)                 LDR   R3 R1 #4
(3301) 6A00  0110101000000000 ( 787)                 LDR   R5 R0 #0
(3302) 9B7F  1001101101111111 ( 788)                 NOT   R5 R5
(3303) 1B61  0001101101100001 ( 789)                 ADD   R5 R5 #1
(3304) 1B43  0001101101000011 ( 790)                 ADD   R5 R5 R3
(3305) 0603  0000011000000011 ( 791)                 BRZP  End_BestStudent_Loop
(3306) 1021  0001000000100001 ( 792)                 ADD   R0 R0 #1
(3307) 7600  0111011000000000 ( 793)                 STR   R3 R0 #0
(3308) 16FF  0001011011111111 ( 794)                 ADD   R3 R3 #-1
(3309) 6246  0110001001000110 ( 796) End_BestStudent_Loop LDR   R1 R1 #6
(330A) 16E0  0001011011100000 ( 797)                 ADD   R3 R3 #0
(330B) 03F2  0000001111110010 ( 798)                 BRP   BestStudent_Loop
(330C) 21D1  0010000111010001 ( 802) End_BestStudent LD    R0 BestStudent_Save_R0
(330D) 23D1  0010001111010001 ( 803)                 LD    R1 BestStudent_Save_R1
(330E) 25D1  0010010111010001 ( 804)                 LD    R2 BestStudent_Save_R2
(330F) 27D1  0010011111010001 ( 805)                 LD    R3 BestStudent_Save_R3
(3310) 29D1  0010100111010001 ( 806)                 LD    R4 BestStudent_Save_R4
(3311) 2BD1  0010101111010001 ( 807)                 LD    R5 BestStudent_Save_R5
(3312) 2DD1  0010110111010001 ( 808)                 LD    R6 BestStudent_Save_R6
(3313) 2FD1  0010111111010001 ( 809)                 LD    R7 BestStudent_Save_R7
(3314) C1C0  1100000111000000 ( 811)                 RET   
(3315) 0000  0000000000000000 ( 817) PrintNum_Save_R1 .FILL x0000
(3316) 0000  0000000000000000 ( 818) PrintNum_Save_R2 .FILL x0000
(3317) 0000  0000000000000000 ( 819) PrintNum_Save_R3 .FILL x0000
(3318) 0000  0000000000000000 ( 820) PrintNum_Save_R4 .FILL x0000
(3319) 0000  0000000000000000 ( 821) PrintNum_Save_R5 .FILL x0000
(331A) 0000  0000000000000000 ( 822) PrintNum_Save_R6 .FILL x0000
(331B) 0000  0000000000000000 ( 823) PrintNum_Save_R7 .FILL x0000
(331C) 0000  0000000000000000 ( 825) PrintNum_String .FILL x0000
(331D) 0000  0000000000000000 ( 826)                 .FILL x0000
(331E) 0000  0000000000000000 ( 827)                 .FILL x0000
(331F) 0000  0000000000000000 ( 828)                 .FILL x0000
(3320) 0000  0000000000000000 ( 829)                 .FILL x0000
(3321) 0000  0000000000000000 ( 830) End_PrintNum_String .FILL x0000
(3322) 002D  0000000000101101 ( 832) Minus_ASCII     .FILL x002D
(3323) 0030  0000000000110000 ( 833) Zero_ASCII      .FILL x0030
(3324) 33F0  0011001111110000 ( 837) PrintNum        ST    R1 PrintNum_Save_R1
(3325) 35F0  0011010111110000 ( 838)                 ST    R2 PrintNum_Save_R2
(3326) 37F0  0011011111110000 ( 839)                 ST    R3 PrintNum_Save_R3
(3327) 39F0  0011100111110000 ( 840)                 ST    R4 PrintNum_Save_R4
(3328) 3BF0  0011101111110000 ( 841)                 ST    R5 PrintNum_Save_R5
(3329) 3DF0  0011110111110000 ( 842)                 ST    R6 PrintNum_Save_R6
(332A) 3FF0  0011111111110000 ( 843)                 ST    R7 PrintNum_Save_R7
(332B) 5260  0101001001100000 ( 847)                 AND   R1 R1 #0
(332C) 54A0  0101010010100000 ( 848)                 AND   R2 R2 #0
(332D) 56E0  0101011011100000 ( 849)                 AND   R3 R3 #0
(332E) 5920  0101100100100000 ( 850)                 AND   R4 R4 #0
(332F) 5B60  0101101101100000 ( 851)                 AND   R5 R5 #0
(3330) 5DA0  0101110110100000 ( 852)                 AND   R6 R6 #0
(3331) 5FE0  0101111111100000 ( 853)                 AND   R7 R7 #0
(3332) E9E9  1110100111101001 ( 856)                 LEA   R4 PrintNum_String
(3333) 16E5  0001011011100101 ( 857)                 ADD   R3 R3 #5
(3334) 7500  0111010100000000 ( 859) Reset_PrintNum_String_Loop STR   R2 R4 #0
(3335) 1921  0001100100100001 ( 860)                 ADD   R4 R4 #1
(3336) 16FF  0001011011111111 ( 861)                 ADD   R3 R3 #-1
(3337) 07FC  0000011111111100 ( 862)                 BRZP  Reset_PrintNum_String_Loop
(3338) 126A  0001001001101010 ( 865)                 ADD   R1 R1 #10
(3339) E9E7  1110100111100111 ( 866)                 LEA   R4 End_PrintNum_String
(333A) 2BE8  0010101111101000 ( 867)                 LD    R5 Zero_ASCII
(333B) 1020  0001000000100000 ( 870)                 ADD   R0 R0 #0
(333C) 040C  0000010000001100 ( 871)                 BRZ   Print_Zero_Handler
(333D) 0204  0000001000000100 ( 872)                 BRP   Extract_Digits_Loop
(333E) 1C20  0001110000100000 ( 873)                 ADD   R6 R0 #0
(333F) 21E2  0010000111100010 ( 874)                 LD    R0 Minus_ASCII
(3340) F021  1111000000100001 ( 875)                 TRAP  x21
(3341) 11A0  0001000110100000 ( 876)                 ADD   R0 R6 #0
(3342) 193F  0001100100111111 ( 879) Extract_Digits_Loop ADD   R4 R4 #-1
(3343) 4817  0100100000010111 ( 880)                 JSR   Div
(3344) 16C5  0001011011000101 ( 881)                 ADD   R3 R3 R5
(3345) 7700  0111011100000000 ( 882)                 STR   R3 R4 #0
(3346) 10A0  0001000010100000 ( 883)                 ADD   R0 R2 #0
(3347) 0BFA  0000101111111010 ( 884)                 BRNP  Extract_Digits_Loop
(3348) 0E02  0000111000000010 ( 885)                 BRNZP End_PrintNum
(3349) 193F  0001100100111111 ( 888) Print_Zero_Handler ADD   R4 R4 #-1
(334A) 7B00  0111101100000000 ( 889)                 STR   R5 R4 #0
(334B) 1120  0001000100100000 ( 892) End_PrintNum    ADD   R0 R4 #0
(334C) F022  1111000000100010 ( 893)                 TRAP  x22
(334D) 23C7  0010001111000111 ( 896)                 LD    R1 PrintNum_Save_R1
(334E) 25C7  0010010111000111 ( 897)                 LD    R2 PrintNum_Save_R2
(334F) 27C7  0010011111000111 ( 898)                 LD    R3 PrintNum_Save_R3
(3350) 29C7  0010100111000111 ( 899)                 LD    R4 PrintNum_Save_R4
(3351) 2BC7  0010101111000111 ( 900)                 LD    R5 PrintNum_Save_R5
(3352) 2DC7  0010110111000111 ( 901)                 LD    R6 PrintNum_Save_R6
(3353) 2FC7  0010111111000111 ( 902)                 LD    R7 PrintNum_Save_R7
(3354) C1C0  1100000111000000 ( 904)                 RET   
(3355) 0000  0000000000000000 ( 910) Div_Save_R0     .FILL x0000
(3356) 0000  0000000000000000 ( 911) Div_Save_R1     .FILL x0000
(3357) 0000  0000000000000000 ( 912) Div_Save_R4     .FILL x0000
(3358) 0000  0000000000000000 ( 913) Div_Save_R5     .FILL x0000
(3359) 0000  0000000000000000 ( 914) Div_Save_R6     .FILL x0000
(335A) 0000  0000000000000000 ( 915) Div_Save_R7     .FILL x0000
(335B) 31F9  0011000111111001 ( 918) Div             ST    R0 Div_Save_R0
(335C) 33F9  0011001111111001 ( 919)                 ST    R1 Div_Save_R1
(335D) 39F9  0011100111111001 ( 920)                 ST    R4 Div_Save_R4
(335E) 3BF9  0011101111111001 ( 921)                 ST    R5 Div_Save_R5
(335F) 3DF9  0011110111111001 ( 922)                 ST    R6 Div_Save_R6
(3360) 3FF9  0011111111111001 ( 923)                 ST    R7 Div_Save_R7
(3361) 54A0  0101010010100000 ( 925)                 AND   R2 R2 #0
(3362) 56E0  0101011011100000 ( 926)                 AND   R3 R3 #0
(3363) 5920  0101100100100000 ( 927)                 AND   R4 R4 #0
(3364) 5B60  0101101101100000 ( 928)                 AND   R5 R5 #0
(3365) 5DA0  0101110110100000 ( 929)                 AND   R6 R6 #0
(3366) 1260  0001001001100000 ( 932)                 ADD   R1 R1 #0
(3367) 0A03  0000101000000011 ( 933)                 BRNP  NOT_DIVIDE_IN_ZERO
(3368) 14BF  0001010010111111 ( 934)                 ADD   R2 R2 #-1
(3369) 16FF  0001011011111111 ( 935)                 ADD   R3 R3 #-1
(336A) 0E1D  0000111000011101 ( 936)                 BRNZP DONE_Div
(336B) 1260  0001001001100000 ( 939) NOT_DIVIDE_IN_ZERO ADD   R1 R1 #0
(336C) 0803  0000100000000011 ( 940)                 BRN   R1_NEGATIVE_Div
(336D) 927F  1001001001111111 ( 941)                 NOT   R1 R1
(336E) 1261  0001001001100001 ( 942)                 ADD   R1 R1 #1
(336F) 0E01  0000111000000001 ( 943)                 BRNZP CHECK_R0_Div
(3370) 1921  0001100100100001 ( 945) R1_NEGATIVE_Div ADD   R4 R4 #1
(3371) 1020  0001000000100000 ( 948) CHECK_R0_Div    ADD   R0 R0 #0
(3372) 0603  0000011000000011 ( 949)                 BRZP  LOOP_Div
(3373) 903F  1001000000111111 ( 950)                 NOT   R0 R0
(3374) 1021  0001000000100001 ( 951)                 ADD   R0 R0 #1
(3375) 1B61  0001101101100001 ( 952)                 ADD   R5 R5 #1
(3376) 1C01  0001110000000001 ( 955) LOOP_Div        ADD   R6 R0 R1
(3377) 0803  0000100000000011 ( 956)                 BRN   MODULO
(3378) 1001  0001000000000001 ( 957)                 ADD   R0 R0 R1
(3379) 14A1  0001010010100001 ( 958)                 ADD   R2 R2 #1
(337A) 0FFB  0000111111111011 ( 959)                 BRNZP LOOP_Div
(337B) 1020  0001000000100000 ( 962) MODULO          ADD   R0 R0 #0
(337C) 0C03  0000110000000011 ( 963)                 BRNZ  CHECK_IF_R1_WAS_NEGATIVE_Div
(337D) 16E1  0001011011100001 ( 964)                 ADD   R3 R3 #1
(337E) 103F  0001000000111111 ( 965)                 ADD   R0 R0 #-1
(337F) 0FFB  0000111111111011 ( 966)                 BRNZP MODULO
(3380) 1920  0001100100100000 ( 969) CHECK_IF_R1_WAS_NEGATIVE_Div ADD   R4 R4 #0
(3381) 0C02  0000110000000010 ( 970)                 BRNZ  CHECK_IF_R0_WAS_NEGATIVE_Div
(3382) 94BF  1001010010111111 ( 971)                 NOT   R2 R2
(3383) 14A1  0001010010100001 ( 972)                 ADD   R2 R2 #1
(3384) 1B60  0001101101100000 ( 974) CHECK_IF_R0_WAS_NEGATIVE_Div ADD   R5 R5 #0
(3385) 0C02  0000110000000010 ( 975)                 BRNZ  DONE_Div
(3386) 94BF  1001010010111111 ( 976)                 NOT   R2 R2
(3387) 14A1  0001010010100001 ( 977)                 ADD   R2 R2 #1
(3388) 21CC  0010000111001100 ( 980) DONE_Div        LD    R0 Div_Save_R0
(3389) 23CC  0010001111001100 ( 981)                 LD    R1 Div_Save_R1
(338A) 29CC  0010100111001100 ( 982)                 LD    R4 Div_Save_R4
(338B) 2BCC  0010101111001100 ( 983)                 LD    R5 Div_Save_R5
(338C) 2DCC  0010110111001100 ( 984)                 LD    R6 Div_Save_R6
(338D) 2FCC  0010111111001100 ( 985)                 LD    R7 Div_Save_R7
(338E) C1C0  1100000111000000 ( 987)                 RET   
