(0000) 3000  0011000000000000 (   2)                 .ORIG x3000
(3000) 48DB  0100100011011011 (  15) Main            JSR   GetNum
(3001) 1820  0001100000100000 (  16)                 ADD   R4 R0 #0
(3002) 48D9  0100100011011001 (  17)                 JSR   GetNum
(3003) 1A20  0001101000100000 (  18)                 ADD   R5 R0 #0
(3004) 1120  0001000100100000 (  21)                 ADD   R0 R4 #0
(3005) 4959  0100100101011001 (  22)                 JSR   PrintNum
(3006) 2045  0010000001000101 (  23)                 LD    R0 Mul_Sign
(3007) F021  1111000000100001 (  24)                 TRAP  x21
(3008) 1160  0001000101100000 (  25)                 ADD   R0 R5 #0
(3009) 4955  0100100101010101 (  26)                 JSR   PrintNum
(300A) 2046  0010000001000110 (  27)                 LD    R0 Equ_Sign
(300B) F021  1111000000100001 (  28)                 TRAP  x21
(300C) 1120  0001000100100000 (  29)                 ADD   R0 R4 #0
(300D) 1360  0001001101100000 (  30)                 ADD   R1 R5 #0
(300E) 4985  0100100110000101 (  31)                 JSR   Mul
(300F) 10A0  0001000010100000 (  32)                 ADD   R0 R2 #0
(3010) 494E  0100100101001110 (  33)                 JSR   PrintNum
(3011) 2040  0010000001000000 (  34)                 LD    R0 New_Line
(3012) F021  1111000000100001 (  35)                 TRAP  x21
(3013) 1120  0001000100100000 (  38)                 ADD   R0 R4 #0
(3014) 494A  0100100101001010 (  39)                 JSR   PrintNum
(3015) 2037  0010000000110111 (  40)                 LD    R0 Div_Sign
(3016) F021  1111000000100001 (  41)                 TRAP  x21
(3017) 1160  0001000101100000 (  42)                 ADD   R0 R5 #0
(3018) 4946  0100100101000110 (  43)                 JSR   PrintNum
(3019) 2037  0010000000110111 (  44)                 LD    R0 Equ_Sign
(301A) F021  1111000000100001 (  45)                 TRAP  x21
(301B) 1120  0001000100100000 (  46)                 ADD   R0 R4 #0
(301C) 1360  0001001101100000 (  47)                 ADD   R1 R5 #0
(301D) 499D  0100100110011101 (  48)                 JSR   Div
(301E) 10A0  0001000010100000 (  49)                 ADD   R0 R2 #0
(301F) 493F  0100100100111111 (  50)                 JSR   PrintNum
(3020) 2031  0010000000110001 (  51)                 LD    R0 New_Line
(3021) F021  1111000000100001 (  52)                 TRAP  x21
(3022) 1120  0001000100100000 (  55)                 ADD   R0 R4 #0
(3023) 493B  0100100100111011 (  56)                 JSR   PrintNum
(3024) 2029  0010000000101001 (  57)                 LD    R0 Exp_Sign
(3025) F021  1111000000100001 (  58)                 TRAP  x21
(3026) 1160  0001000101100000 (  59)                 ADD   R0 R5 #0
(3027) 4937  0100100100110111 (  60)                 JSR   PrintNum
(3028) 2028  0010000000101000 (  61)                 LD    R0 Equ_Sign
(3029) F021  1111000000100001 (  62)                 TRAP  x21
(302A) 1120  0001000100100000 (  63)                 ADD   R0 R4 #0
(302B) 1360  0001001101100000 (  64)                 ADD   R1 R5 #0
(302C) 49C6  0100100111000110 (  65)                 JSR   Exp
(302D) 10A0  0001000010100000 (  66)                 ADD   R0 R2 #0
(302E) 4930  0100100100110000 (  67)                 JSR   PrintNum
(302F) 2022  0010000000100010 (  68)                 LD    R0 New_Line
(3030) F021  1111000000100001 (  69)                 TRAP  x21
(3031) 1120  0001000100100000 (  72)                 ADD   R0 R4 #0
(3032) 492C  0100100100101100 (  73)                 JSR   PrintNum
(3033) 201B  0010000000011011 (  74)                 LD    R0 Add_Sign
(3034) F021  1111000000100001 (  75)                 TRAP  x21
(3035) 1160  0001000101100000 (  76)                 ADD   R0 R5 #0
(3036) 4928  0100100100101000 (  77)                 JSR   PrintNum
(3037) 2019  0010000000011001 (  78)                 LD    R0 Equ_Sign
(3038) F021  1111000000100001 (  79)                 TRAP  x21
(3039) 1105  0001000100000101 (  80)                 ADD   R0 R4 R5
(303A) 4924  0100100100100100 (  81)                 JSR   PrintNum
(303B) 2016  0010000000010110 (  82)                 LD    R0 New_Line
(303C) F021  1111000000100001 (  83)                 TRAP  x21
(303D) 1120  0001000100100000 (  86)                 ADD   R0 R4 #0
(303E) 4920  0100100100100000 (  87)                 JSR   PrintNum
(303F) 2010  0010000000010000 (  88)                 LD    R0 Sub_Sign
(3040) F021  1111000000100001 (  89)                 TRAP  x21
(3041) 1160  0001000101100000 (  90)                 ADD   R0 R5 #0
(3042) 491C  0100100100011100 (  91)                 JSR   PrintNum
(3043) 200D  0010000000001101 (  92)                 LD    R0 Equ_Sign
(3044) F021  1111000000100001 (  93)                 TRAP  x21
(3045) 9B7F  1001101101111111 (  94)                 NOT   R5 R5
(3046) 1B61  0001101101100001 (  95)                 ADD   R5 R5 #1
(3047) 1105  0001000100000101 (  96)                 ADD   R0 R4 R5
(3048) 4916  0100100100010110 (  97)                 JSR   PrintNum
(3049) 2008  0010000000001000 (  98)                 LD    R0 New_Line
(304A) F021  1111000000100001 (  99)                 TRAP  x21
(304B) F025  1111000000100101 ( 101)                 TRAP  x25
(304C) 002A  0000000000101010 ( 106) Mul_Sign        .FILL x002A
(304D) 002F  0000000000101111 ( 107) Div_Sign        .FILL x002F
(304E) 005E  0000000001011110 ( 108) Exp_Sign        .FILL x005E
(304F) 002B  0000000000101011 ( 109) Add_Sign        .FILL x002B
(3050) 002D  0000000000101101 ( 110) Sub_Sign        .FILL x002D
(3051) 003D  0000000000111101 ( 111) Equ_Sign        .FILL x003D
(3052) 000A  0000000000001010 ( 112) New_Line        .FILL x000A
(3053) 0000  0000000000000000 ( 118) GetNum_Save_R1  .FILL x0000
(3054) 0000  0000000000000000 ( 119) GetNum_Save_R2  .FILL x0000
(3055) 0000  0000000000000000 ( 120) GetNum_Save_R3  .FILL x0000
(3056) 0000  0000000000000000 ( 121) GetNum_Save_R4  .FILL x0000
(3057) 0000  0000000000000000 ( 122) GetNum_Save_R5  .FILL x0000
(3058) 0000  0000000000000000 ( 123) GetNum_Save_R6  .FILL x0000
(3059) 0000  0000000000000000 ( 124) GetNum_Save_R7  .FILL x0000
(305A) FFD3  1111111111010011 ( 126) Minus_ASCII_Check .FILL xFFD3
(305B) FFD0  1111111111010000 ( 127) Zero_ASCII_Check .FILL xFFD0
(305C) 0045  0000000001000101 ( 129) Enter_Number_Message .FILL x0045
(305D) 006E  0000000001101110 ( 129)                 .FILL x006E
(305E) 0074  0000000001110100 ( 129)                 .FILL x0074
(305F) 0065  0000000001100101 ( 129)                 .FILL x0065
(3060) 0072  0000000001110010 ( 129)                 .FILL x0072
(3061) 0020  0000000000100000 ( 129)                 .FILL x0020
(3062) 0061  0000000001100001 ( 129)                 .FILL x0061
(3063) 006E  0000000001101110 ( 129)                 .FILL x006E
(3064) 0020  0000000000100000 ( 129)                 .FILL x0020
(3065) 0069  0000000001101001 ( 129)                 .FILL x0069
(3066) 006E  0000000001101110 ( 129)                 .FILL x006E
(3067) 0074  0000000001110100 ( 129)                 .FILL x0074
(3068) 0065  0000000001100101 ( 129)                 .FILL x0065
(3069) 0067  0000000001100111 ( 129)                 .FILL x0067
(306A) 0065  0000000001100101 ( 129)                 .FILL x0065
(306B) 0072  0000000001110010 ( 129)                 .FILL x0072
(306C) 0020  0000000000100000 ( 129)                 .FILL x0020
(306D) 006E  0000000001101110 ( 129)                 .FILL x006E
(306E) 0075  0000000001110101 ( 129)                 .FILL x0075
(306F) 006D  0000000001101101 ( 129)                 .FILL x006D
(3070) 0062  0000000001100010 ( 129)                 .FILL x0062
(3071) 0065  0000000001100101 ( 129)                 .FILL x0065
(3072) 0072  0000000001110010 ( 129)                 .FILL x0072
(3073) 003A  0000000000111010 ( 129)                 .FILL x003A
(3074) 0020  0000000000100000 ( 129)                 .FILL x0020
(3075) 0000  0000000000000000 ( 129)                 .FILL x0000
(3076) 0045  0000000001000101 ( 130) Overflow_Error_Message .FILL x0045
(3077) 0072  0000000001110010 ( 130)                 .FILL x0072
(3078) 0072  0000000001110010 ( 130)                 .FILL x0072
(3079) 006F  0000000001101111 ( 130)                 .FILL x006F
(307A) 0072  0000000001110010 ( 130)                 .FILL x0072
(307B) 0021  0000000000100001 ( 130)                 .FILL x0021
(307C) 0020  0000000000100000 ( 130)                 .FILL x0020
(307D) 004E  0000000001001110 ( 130)                 .FILL x004E
(307E) 0075  0000000001110101 ( 130)                 .FILL x0075
(307F) 006D  0000000001101101 ( 130)                 .FILL x006D
(3080) 0062  0000000001100010 ( 130)                 .FILL x0062
(3081) 0065  0000000001100101 ( 130)                 .FILL x0065
(3082) 0072  0000000001110010 ( 130)                 .FILL x0072
(3083) 0020  0000000000100000 ( 130)                 .FILL x0020
(3084) 006F  0000000001101111 ( 130)                 .FILL x006F
(3085) 0076  0000000001110110 ( 130)                 .FILL x0076
(3086) 0065  0000000001100101 ( 130)                 .FILL x0065
(3087) 0072  0000000001110010 ( 130)                 .FILL x0072
(3088) 0066  0000000001100110 ( 130)                 .FILL x0066
(3089) 006C  0000000001101100 ( 130)                 .FILL x006C
(308A) 006F  0000000001101111 ( 130)                 .FILL x006F
(308B) 0077  0000000001110111 ( 130)                 .FILL x0077
(308C) 0065  0000000001100101 ( 130)                 .FILL x0065
(308D) 0064  0000000001100100 ( 130)                 .FILL x0064
(308E) 0021  0000000000100001 ( 130)                 .FILL x0021
(308F) 0020  0000000000100000 ( 130)                 .FILL x0020
(3090) 0050  0000000001010000 ( 130)                 .FILL x0050
(3091) 006C  0000000001101100 ( 130)                 .FILL x006C
(3092) 0065  0000000001100101 ( 130)                 .FILL x0065
(3093) 0061  0000000001100001 ( 130)                 .FILL x0061
(3094) 0073  0000000001110011 ( 130)                 .FILL x0073
(3095) 0065  0000000001100101 ( 130)                 .FILL x0065
(3096) 0020  0000000000100000 ( 130)                 .FILL x0020
(3097) 0065  0000000001100101 ( 130)                 .FILL x0065
(3098) 006E  0000000001101110 ( 130)                 .FILL x006E
(3099) 0074  0000000001110100 ( 130)                 .FILL x0074
(309A) 0065  0000000001100101 ( 130)                 .FILL x0065
(309B) 0072  0000000001110010 ( 130)                 .FILL x0072
(309C) 0020  0000000000100000 ( 130)                 .FILL x0020
(309D) 0061  0000000001100001 ( 130)                 .FILL x0061
(309E) 0067  0000000001100111 ( 130)                 .FILL x0067
(309F) 0061  0000000001100001 ( 130)                 .FILL x0061
(30A0) 0069  0000000001101001 ( 130)                 .FILL x0069
(30A1) 006E  0000000001101110 ( 130)                 .FILL x006E
(30A2) 003A  0000000000111010 ( 130)                 .FILL x003A
(30A3) 0020  0000000000100000 ( 130)                 .FILL x0020
(30A4) 0000  0000000000000000 ( 130)                 .FILL x0000
(30A5) 0045  0000000001000101 ( 131) Invalid_Error_Message .FILL x0045
(30A6) 0072  0000000001110010 ( 131)                 .FILL x0072
(30A7) 0072  0000000001110010 ( 131)                 .FILL x0072
(30A8) 006F  0000000001101111 ( 131)                 .FILL x006F
(30A9) 0072  0000000001110010 ( 131)                 .FILL x0072
(30AA) 0021  0000000000100001 ( 131)                 .FILL x0021
(30AB) 0020  0000000000100000 ( 131)                 .FILL x0020
(30AC) 0059  0000000001011001 ( 131)                 .FILL x0059
(30AD) 006F  0000000001101111 ( 131)                 .FILL x006F
(30AE) 0075  0000000001110101 ( 131)                 .FILL x0075
(30AF) 0020  0000000000100000 ( 131)                 .FILL x0020
(30B0) 0064  0000000001100100 ( 131)                 .FILL x0064
(30B1) 0069  0000000001101001 ( 131)                 .FILL x0069
(30B2) 0064  0000000001100100 ( 131)                 .FILL x0064
(30B3) 006E  0000000001101110 ( 131)                 .FILL x006E
(30B4) 0027  0000000000100111 ( 131)                 .FILL x0027
(30B5) 0074  0000000001110100 ( 131)                 .FILL x0074
(30B6) 0020  0000000000100000 ( 131)                 .FILL x0020
(30B7) 0065  0000000001100101 ( 131)                 .FILL x0065
(30B8) 006E  0000000001101110 ( 131)                 .FILL x006E
(30B9) 0074  0000000001110100 ( 131)                 .FILL x0074
(30BA) 0065  0000000001100101 ( 131)                 .FILL x0065
(30BB) 0072  0000000001110010 ( 131)                 .FILL x0072
(30BC) 0020  0000000000100000 ( 131)                 .FILL x0020
(30BD) 0061  0000000001100001 ( 131)                 .FILL x0061
(30BE) 0020  0000000000100000 ( 131)                 .FILL x0020
(30BF) 006E  0000000001101110 ( 131)                 .FILL x006E
(30C0) 0075  0000000001110101 ( 131)                 .FILL x0075
(30C1) 006D  0000000001101101 ( 131)                 .FILL x006D
(30C2) 0062  0000000001100010 ( 131)                 .FILL x0062
(30C3) 0065  0000000001100101 ( 131)                 .FILL x0065
(30C4) 0072  0000000001110010 ( 131)                 .FILL x0072
(30C5) 002E  0000000000101110 ( 131)                 .FILL x002E
(30C6) 0020  0000000000100000 ( 131)                 .FILL x0020
(30C7) 0050  0000000001010000 ( 131)                 .FILL x0050
(30C8) 006C  0000000001101100 ( 131)                 .FILL x006C
(30C9) 0065  0000000001100101 ( 131)                 .FILL x0065
(30CA) 0061  0000000001100001 ( 131)                 .FILL x0061
(30CB) 0073  0000000001110011 ( 131)                 .FILL x0073
(30CC) 0065  0000000001100101 ( 131)                 .FILL x0065
(30CD) 0020  0000000000100000 ( 131)                 .FILL x0020
(30CE) 0065  0000000001100101 ( 131)                 .FILL x0065
(30CF) 006E  0000000001101110 ( 131)                 .FILL x006E
(30D0) 0074  0000000001110100 ( 131)                 .FILL x0074
(30D1) 0065  0000000001100101 ( 131)                 .FILL x0065
(30D2) 0072  0000000001110010 ( 131)                 .FILL x0072
(30D3) 0020  0000000000100000 ( 131)                 .FILL x0020
(30D4) 0061  0000000001100001 ( 131)                 .FILL x0061
(30D5) 0067  0000000001100111 ( 131)                 .FILL x0067
(30D6) 0061  0000000001100001 ( 131)                 .FILL x0061
(30D7) 0069  0000000001101001 ( 131)                 .FILL x0069
(30D8) 006E  0000000001101110 ( 131)                 .FILL x006E
(30D9) 003A  0000000000111010 ( 131)                 .FILL x003A
(30DA) 0020  0000000000100000 ( 131)                 .FILL x0020
(30DB) 0000  0000000000000000 ( 131)                 .FILL x0000
(30DC) 3376  0011001101110110 ( 135) GetNum          ST    R1 GetNum_Save_R1
(30DD) 3576  0011010101110110 ( 136)                 ST    R2 GetNum_Save_R2
(30DE) 3776  0011011101110110 ( 137)                 ST    R3 GetNum_Save_R3
(30DF) 3976  0011100101110110 ( 138)                 ST    R4 GetNum_Save_R4
(30E0) 3B76  0011101101110110 ( 139)                 ST    R5 GetNum_Save_R5
(30E1) 3D76  0011110101110110 ( 140)                 ST    R6 GetNum_Save_R6
(30E2) 3F76  0011111101110110 ( 141)                 ST    R7 GetNum_Save_R7
(30E3) 5020  0101000000100000 ( 144)                 AND   R0 R0 #0
(30E4) 5260  0101001001100000 ( 145)                 AND   R1 R1 #0
(30E5) 54A0  0101010010100000 ( 146)                 AND   R2 R2 #0
(30E6) 56E0  0101011011100000 ( 147)                 AND   R3 R3 #0
(30E7) 5920  0101100100100000 ( 148)                 AND   R4 R4 #0
(30E8) 5B60  0101101101100000 ( 149)                 AND   R5 R5 #0
(30E9) 5DA0  0101110110100000 ( 150)                 AND   R6 R6 #0
(30EA) 5FE0  0101111111100000 ( 151)                 AND   R7 R7 #0
(30EB) E170  1110000101110000 ( 154)                 LEA   R0 Enter_Number_Message
(30EC) F022  1111000000100010 ( 155)                 TRAP  x22
(30ED) F020  1111000000100000 ( 157) Get_Input_Loop  TRAP  x20
(30EE) F021  1111000000100001 ( 158)                 TRAP  x21
(30EF) 1C36  0001110000110110 ( 159)                 ADD   R6 R0 #-10
(30F0) 0450  0000010001010000 ( 160)                 BRZ   End_GetNum
(30F1) 16E0  0001011011100000 ( 161)                 ADD   R3 R3 #0
(30F2) 0425  0000010000100101 ( 162)                 BRZ   First_Character_Handler
(30F3) 2F67  0010111101100111 ( 164) Check_Character LD    R7 Zero_ASCII_Check
(30F4) 1C07  0001110000000111 ( 165)                 ADD   R6 R0 R7
(30F5) 0833  0000100000110011 ( 166)                 BRN   Invalid_Input_Handler
(30F6) 1FB6  0001111110110110 ( 167)                 ADD   R7 R6 #-10
(30F7) 0631  0000011000110001 ( 168)                 BRZP  Invalid_Input_Handler
(30F8) 1B60  0001101101100000 ( 169)                 ADD   R5 R5 #0
(30F9) 0A34  0000101000110100 ( 170)                 BRNP  Error_Handler_Loop
(30FA) 1EFB  0001111011111011 ( 171)                 ADD   R7 R3 #-5
(30FB) 0630  0000011000110000 ( 172)                 BRZP  Input_Overflow_Handler
(30FC) 15A0  0001010110100000 ( 175)                 ADD   R2 R6 #0
(30FD) 1920  0001100100100000 ( 176)                 ADD   R4 R4 #0
(30FE) 0602  0000011000000010 ( 177)                 BRZP  Check_For_First
(30FF) 94BF  1001010010111111 ( 178)                 NOT   R2 R2
(3100) 14A1  0001010010100001 ( 179)                 ADD   R2 R2 #1
(3101) 16E0  0001011011100000 ( 181) Check_For_First ADD   R3 R3 #0
(3102) 040C  0000010000001100 ( 182)                 BRZ   Add_Last_Character
(3103) 5DA0  0101110110100000 ( 184)                 AND   R6 R6 #0
(3104) 1DA9  0001110110101001 ( 185)                 ADD   R6 R6 #9
(3105) 1E60  0001111001100000 ( 186)                 ADD   R7 R1 #0
(3106) 1920  0001100100100000 ( 188) Multiply_By_10  ADD   R4 R4 #0
(3107) 0803  0000100000000011 ( 189)                 BRN   Check_Overflow_For_Negative
(3108) 1247  0001001001000111 ( 190)                 ADD   R1 R1 R7
(3109) 0822  0000100000100010 ( 191)                 BRN   Input_Overflow_Handler
(310A) 0E02  0000111000000010 ( 192)                 BRNZP Continue_Multiplication
(310B) 1247  0001001001000111 ( 194) Check_Overflow_For_Negative ADD   R1 R1 R7
(310C) 021F  0000001000011111 ( 195)                 BRP   Input_Overflow_Handler
(310D) 1DBF  0001110110111111 ( 197) Continue_Multiplication ADD   R6 R6 #-1
(310E) 03F7  0000001111110111 ( 198)                 BRP   Multiply_By_10
(310F) 1920  0001100100100000 ( 201) Add_Last_Character ADD   R4 R4 #0
(3110) 0803  0000100000000011 ( 202)                 BRN   Add_Negative
(3111) 1242  0001001001000010 ( 203)                 ADD   R1 R1 R2
(3112) 0819  0000100000011001 ( 204)                 BRN   Input_Overflow_Handler
(3113) 0E02  0000111000000010 ( 205)                 BRNZP End_Add_Last_Character
(3114) 1242  0001001001000010 ( 207) Add_Negative    ADD   R1 R1 R2
(3115) 0216  0000001000010110 ( 208)                 BRP   Input_Overflow_Handler
(3116) 16E1  0001011011100001 ( 210) End_Add_Last_Character ADD   R3 R3 #1
(3117) 0FD5  0000111111010101 ( 211)                 BRNZP Get_Input_Loop
(3118) 1F22  0001111100100010 ( 214) First_Character_Handler ADD   R7 R4 #2
(3119) 0A01  0000101000000001 ( 215)                 BRNP  Check_For_Zero
(311A) 1921  0001100100100001 ( 216)                 ADD   R4 R4 #1
(311B) 2F3F  0010111100111111 ( 218) Check_For_Zero  LD    R7 Zero_ASCII_Check
(311C) 1C07  0001110000000111 ( 219)                 ADD   R6 R0 R7
(311D) 0A04  0000101000000100 ( 220)                 BRNP  Check_For_Minus
(311E) 1920  0001100100100000 ( 221)                 ADD   R4 R4 #0
(311F) 09CD  0000100111001101 ( 222)                 BRN   Get_Input_Loop
(3120) 19A1  0001100110100001 ( 223)                 ADD   R4 R6 #1
(3121) 0FCB  0000111111001011 ( 224)                 BRNZP Get_Input_Loop
(3122) 2F37  0010111100110111 ( 226) Check_For_Minus LD    R7 Minus_ASCII_Check
(3123) 1C07  0001110000000111 ( 227)                 ADD   R6 R0 R7
(3124) 0BCE  0000101111001110 ( 228)                 BRNP  Check_Character
(3125) 1920  0001100100100000 ( 229)                 ADD   R4 R4 #0
(3126) 0A02  0000101000000010 ( 230)                 BRNP  Invalid_Input_Handler
(3127) 193E  0001100100111110 ( 231)                 ADD   R4 R4 #-2
(3128) 0FC4  0000111111000100 ( 232)                 BRNZP Get_Input_Loop
(3129) 5B60  0101101101100000 ( 235) Invalid_Input_Handler AND   R5 R5 #0
(312A) 1B7F  0001101101111111 ( 236)                 ADD   R5 R5 #-1
(312B) 0E02  0000111000000010 ( 237)                 BRNZP Error_Handler_Loop
(312C) 5B60  0101101101100000 ( 240) Input_Overflow_Handler AND   R5 R5 #0
(312D) 1B61  0001101101100001 ( 241)                 ADD   R5 R5 #1
(312E) F020  1111000000100000 ( 244) Error_Handler_Loop TRAP  x20
(312F) F021  1111000000100001 ( 245)                 TRAP  x21
(3130) 1836  0001100000110110 ( 246)                 ADD   R4 R0 #-10
(3131) 0403  0000010000000011 ( 247)                 BRZ   End_Error_Handler_Loop
(3132) 1B60  0001101101100000 ( 248)                 ADD   R5 R5 #0
(3133) 03BF  0000001110111111 ( 249)                 BRP   Check_Character
(3134) 09F9  0000100111111001 ( 250)                 BRN   Error_Handler_Loop
(3135) 1B60  0001101101100000 ( 252) End_Error_Handler_Loop ADD   R5 R5 #0
(3136) 0201  0000001000000001 ( 253)                 BRP   Load_Overflow_Message
(3137) 0802  0000100000000010 ( 254)                 BRN   Load_Invalid_Message
(3138) E13D  1110000100111101 ( 256) Load_Overflow_Message LEA   R0 Overflow_Error_Message
(3139) 0E01  0000111000000001 ( 257)                 BRNZP Reset_And_Print_Message
(313A) E16A  1110000101101010 ( 259) Load_Invalid_Message LEA   R0 Invalid_Error_Message
(313B) F022  1111000000100010 ( 261) Reset_And_Print_Message TRAP  x22
(313C) 5260  0101001001100000 ( 262)                 AND   R1 R1 #0
(313D) 56E0  0101011011100000 ( 263)                 AND   R3 R3 #0
(313E) 5920  0101100100100000 ( 264)                 AND   R4 R4 #0
(313F) 5B60  0101101101100000 ( 265)                 AND   R5 R5 #0
(3140) 0FAC  0000111110101100 ( 266)                 BRNZP Get_Input_Loop
(3141) 16E0  0001011011100000 ( 269) End_GetNum      ADD   R3 R3 #0
(3142) 0A04  0000101000000100 ( 270)                 BRNP  Store_Input_Value
(3143) 1920  0001100100100000 ( 271)                 ADD   R4 R4 #0
(3144) 05F5  0000010111110101 ( 272)                 BRZ   Load_Invalid_Message
(3145) 1D22  0001110100100010 ( 273)                 ADD   R6 R4 #2
(3146) 05F3  0000010111110011 ( 274)                 BRZ   Load_Invalid_Message
(3147) 1060  0001000001100000 ( 276) Store_Input_Value ADD   R0 R1 #0
(3148) 230A  0010001100001010 ( 279)                 LD    R1 GetNum_Save_R1
(3149) 250A  0010010100001010 ( 280)                 LD    R2 GetNum_Save_R2
(314A) 270A  0010011100001010 ( 281)                 LD    R3 GetNum_Save_R3
(314B) 290A  0010100100001010 ( 282)                 LD    R4 GetNum_Save_R4
(314C) 2B0A  0010101100001010 ( 283)                 LD    R5 GetNum_Save_R5
(314D) 2D0A  0010110100001010 ( 284)                 LD    R6 GetNum_Save_R6
(314E) 2F0A  0010111100001010 ( 285)                 LD    R7 GetNum_Save_R7
(314F) C1C0  1100000111000000 ( 287)                 RET   
(3150) 0000  0000000000000000 ( 293) PrintNum_Save_R1 .FILL x0000
(3151) 0000  0000000000000000 ( 294) PrintNum_Save_R2 .FILL x0000
(3152) 0000  0000000000000000 ( 295) PrintNum_Save_R3 .FILL x0000
(3153) 0000  0000000000000000 ( 296) PrintNum_Save_R4 .FILL x0000
(3154) 0000  0000000000000000 ( 297) PrintNum_Save_R5 .FILL x0000
(3155) 0000  0000000000000000 ( 298) PrintNum_Save_R6 .FILL x0000
(3156) 0000  0000000000000000 ( 299) PrintNum_Save_R7 .FILL x0000
(3157) 0000  0000000000000000 ( 301) PrintNum_String .FILL x0000
(3158) 0000  0000000000000000 ( 302)                 .FILL x0000
(3159) 0000  0000000000000000 ( 303)                 .FILL x0000
(315A) 0000  0000000000000000 ( 304)                 .FILL x0000
(315B) 0000  0000000000000000 ( 305)                 .FILL x0000
(315C) 0000  0000000000000000 ( 306) End_PrintNum_String .FILL x0000
(315D) 002D  0000000000101101 ( 308) Minus_ASCII     .FILL x002D
(315E) 0030  0000000000110000 ( 309) Zero_ASCII      .FILL x0030
(315F) 33F0  0011001111110000 ( 313) PrintNum        ST    R1 PrintNum_Save_R1
(3160) 35F0  0011010111110000 ( 314)                 ST    R2 PrintNum_Save_R2
(3161) 37F0  0011011111110000 ( 315)                 ST    R3 PrintNum_Save_R3
(3162) 39F0  0011100111110000 ( 316)                 ST    R4 PrintNum_Save_R4
(3163) 3BF0  0011101111110000 ( 317)                 ST    R5 PrintNum_Save_R5
(3164) 3DF0  0011110111110000 ( 318)                 ST    R6 PrintNum_Save_R6
(3165) 3FF0  0011111111110000 ( 319)                 ST    R7 PrintNum_Save_R7
(3166) 5260  0101001001100000 ( 323)                 AND   R1 R1 #0
(3167) 54A0  0101010010100000 ( 324)                 AND   R2 R2 #0
(3168) 56E0  0101011011100000 ( 325)                 AND   R3 R3 #0
(3169) 5920  0101100100100000 ( 326)                 AND   R4 R4 #0
(316A) 5B60  0101101101100000 ( 327)                 AND   R5 R5 #0
(316B) 5DA0  0101110110100000 ( 328)                 AND   R6 R6 #0
(316C) 5FE0  0101111111100000 ( 329)                 AND   R7 R7 #0
(316D) E9E9  1110100111101001 ( 332)                 LEA   R4 PrintNum_String
(316E) 16E5  0001011011100101 ( 333)                 ADD   R3 R3 #5
(316F) 7500  0111010100000000 ( 335) Reset_PrintNum_String_Loop STR   R2 R4 #0
(3170) 1921  0001100100100001 ( 336)                 ADD   R4 R4 #1
(3171) 16FF  0001011011111111 ( 337)                 ADD   R3 R3 #-1
(3172) 07FC  0000011111111100 ( 338)                 BRZP  Reset_PrintNum_String_Loop
(3173) 126A  0001001001101010 ( 341)                 ADD   R1 R1 #10
(3174) E9E7  1110100111100111 ( 342)                 LEA   R4 End_PrintNum_String
(3175) 2BE8  0010101111101000 ( 343)                 LD    R5 Zero_ASCII
(3176) 1020  0001000000100000 ( 346)                 ADD   R0 R0 #0
(3177) 040C  0000010000001100 ( 347)                 BRZ   Print_Zero_Handler
(3178) 0204  0000001000000100 ( 348)                 BRP   Extract_Digits_Loop
(3179) 1C20  0001110000100000 ( 349)                 ADD   R6 R0 #0
(317A) 21E2  0010000111100010 ( 350)                 LD    R0 Minus_ASCII
(317B) F021  1111000000100001 ( 351)                 TRAP  x21
(317C) 11A0  0001000110100000 ( 352)                 ADD   R0 R6 #0
(317D) 193F  0001100100111111 ( 355) Extract_Digits_Loop ADD   R4 R4 #-1
(317E) 483C  0100100000111100 ( 356)                 JSR   Div
(317F) 16C5  0001011011000101 ( 357)                 ADD   R3 R3 R5
(3180) 7700  0111011100000000 ( 358)                 STR   R3 R4 #0
(3181) 10A0  0001000010100000 ( 359)                 ADD   R0 R2 #0
(3182) 0BFA  0000101111111010 ( 360)                 BRNP  Extract_Digits_Loop
(3183) 0E02  0000111000000010 ( 361)                 BRNZP End_PrintNum
(3184) 193F  0001100100111111 ( 364) Print_Zero_Handler ADD   R4 R4 #-1
(3185) 7B00  0111101100000000 ( 365)                 STR   R5 R4 #0
(3186) 1120  0001000100100000 ( 368) End_PrintNum    ADD   R0 R4 #0
(3187) F022  1111000000100010 ( 369)                 TRAP  x22
(3188) 23C7  0010001111000111 ( 372)                 LD    R1 PrintNum_Save_R1
(3189) 25C7  0010010111000111 ( 373)                 LD    R2 PrintNum_Save_R2
(318A) 27C7  0010011111000111 ( 374)                 LD    R3 PrintNum_Save_R3
(318B) 29C7  0010100111000111 ( 375)                 LD    R4 PrintNum_Save_R4
(318C) 2BC7  0010101111000111 ( 376)                 LD    R5 PrintNum_Save_R5
(318D) 2DC7  0010110111000111 ( 377)                 LD    R6 PrintNum_Save_R6
(318E) 2FC7  0010111111000111 ( 378)                 LD    R7 PrintNum_Save_R7
(318F) C1C0  1100000111000000 ( 380)                 RET   
(3190) 0000  0000000000000000 ( 386) Mul_Save_R0     .FILL x0000
(3191) 0000  0000000000000000 ( 387) Mul_Save_R1     .FILL x0000
(3192) 0000  0000000000000000 ( 388) Mul_Save_R3     .FILL x0000
(3193) 0000  0000000000000000 ( 389) Mul_Save_R7     .FILL x0000
(3194) 31FB  0011000111111011 ( 392) Mul             ST    R0 Mul_Save_R0
(3195) 33FB  0011001111111011 ( 393)                 ST    R1 Mul_Save_R1
(3196) 37FB  0011011111111011 ( 394)                 ST    R3 Mul_Save_R3
(3197) 3FFB  0011111111111011 ( 395)                 ST    R7 Mul_Save_R7
(3198) 54A0  0101010010100000 ( 397)                 AND   R2 R2 #0
(3199) 56E0  0101011011100000 ( 398)                 AND   R3 R3 #0
(319A) 1260  0001001001100000 ( 401)                 ADD   R1 R1 #0
(319B) 0A02  0000101000000010 ( 402)                 BRNP  CHECK_R0_IS_ZERO
(319C) 54A0  0101010010100000 ( 403)                 AND   R2 R2 #0
(319D) 0E12  0000111000010010 ( 404)                 BRNZP DONE_Mul
(319E) 1020  0001000000100000 ( 407) CHECK_R0_IS_ZERO ADD   R0 R0 #0
(319F) 0A02  0000101000000010 ( 408)                 BRNP  CHECK_R1_NEGATIVE
(31A0) 54A0  0101010010100000 ( 409)                 AND   R2 R2 #0
(31A1) 0E0E  0000111000001110 ( 410)                 BRNZP DONE_Mul
(31A2) 1260  0001001001100000 ( 413) CHECK_R1_NEGATIVE ADD   R1 R1 #0
(31A3) 0203  0000001000000011 ( 414)                 BRP   LOOP_Mul
(31A4) 16E1  0001011011100001 ( 415)                 ADD   R3 R3 #1
(31A5) 927F  1001001001111111 ( 416)                 NOT   R1 R1
(31A6) 1261  0001001001100001 ( 417)                 ADD   R1 R1 #1
(31A7) 1260  0001001001100000 ( 420) LOOP_Mul        ADD   R1 R1 #0
(31A8) 0C03  0000110000000011 ( 421)                 BRNZ  END_LOOP_Mul
(31A9) 1480  0001010010000000 ( 422)                 ADD   R2 R2 R0
(31AA) 127F  0001001001111111 ( 423)                 ADD   R1 R1 #-1
(31AB) 0FFB  0000111111111011 ( 424)                 BRNZP LOOP_Mul
(31AC) 16E0  0001011011100000 ( 426) END_LOOP_Mul    ADD   R3 R3 #0
(31AD) 0C02  0000110000000010 ( 427)                 BRNZ  DONE_Mul
(31AE) 94BF  1001010010111111 ( 428)                 NOT   R2 R2
(31AF) 14A1  0001010010100001 ( 429)                 ADD   R2 R2 #1
(31B0) 21DF  0010000111011111 ( 432) DONE_Mul        LD    R0 Mul_Save_R0
(31B1) 23DF  0010001111011111 ( 433)                 LD    R1 Mul_Save_R1
(31B2) 27DF  0010011111011111 ( 434)                 LD    R3 Mul_Save_R3
(31B3) 2FDF  0010111111011111 ( 435)                 LD    R7 Mul_Save_R7
(31B4) C1C0  1100000111000000 ( 437)                 RET   
(31B5) 0000  0000000000000000 ( 443) Div_Save_R0     .FILL x0000
(31B6) 0000  0000000000000000 ( 444) Div_Save_R1     .FILL x0000
(31B7) 0000  0000000000000000 ( 445) Div_Save_R4     .FILL x0000
(31B8) 0000  0000000000000000 ( 446) Div_Save_R5     .FILL x0000
(31B9) 0000  0000000000000000 ( 447) Div_Save_R6     .FILL x0000
(31BA) 0000  0000000000000000 ( 448) Div_Save_R7     .FILL x0000
(31BB) 31F9  0011000111111001 ( 451) Div             ST    R0 Div_Save_R0
(31BC) 33F9  0011001111111001 ( 452)                 ST    R1 Div_Save_R1
(31BD) 39F9  0011100111111001 ( 453)                 ST    R4 Div_Save_R4
(31BE) 3BF9  0011101111111001 ( 454)                 ST    R5 Div_Save_R5
(31BF) 3DF9  0011110111111001 ( 455)                 ST    R6 Div_Save_R6
(31C0) 3FF9  0011111111111001 ( 456)                 ST    R7 Div_Save_R7
(31C1) 54A0  0101010010100000 ( 458)                 AND   R2 R2 #0
(31C2) 56E0  0101011011100000 ( 459)                 AND   R3 R3 #0
(31C3) 5920  0101100100100000 ( 460)                 AND   R4 R4 #0
(31C4) 5B60  0101101101100000 ( 461)                 AND   R5 R5 #0
(31C5) 5DA0  0101110110100000 ( 462)                 AND   R6 R6 #0
(31C6) 1260  0001001001100000 ( 465)                 ADD   R1 R1 #0
(31C7) 0A03  0000101000000011 ( 466)                 BRNP  NOT_DIVIDE_IN_ZERO
(31C8) 14BF  0001010010111111 ( 467)                 ADD   R2 R2 #-1
(31C9) 16FF  0001011011111111 ( 468)                 ADD   R3 R3 #-1
(31CA) 0E1D  0000111000011101 ( 469)                 BRNZP DONE_Div
(31CB) 1260  0001001001100000 ( 473) NOT_DIVIDE_IN_ZERO ADD   R1 R1 #0
(31CC) 0803  0000100000000011 ( 474)                 BRN   R1_NEGATIVE_Div
(31CD) 927F  1001001001111111 ( 475)                 NOT   R1 R1
(31CE) 1261  0001001001100001 ( 476)                 ADD   R1 R1 #1
(31CF) 0E01  0000111000000001 ( 477)                 BRNZP CHECK_R0_Div
(31D0) 1921  0001100100100001 ( 479) R1_NEGATIVE_Div ADD   R4 R4 #1
(31D1) 1020  0001000000100000 ( 482) CHECK_R0_Div    ADD   R0 R0 #0
(31D2) 0603  0000011000000011 ( 483)                 BRZP  LOOP_Div
(31D3) 903F  1001000000111111 ( 484)                 NOT   R0 R0
(31D4) 1021  0001000000100001 ( 485)                 ADD   R0 R0 #1
(31D5) 1B61  0001101101100001 ( 486)                 ADD   R5 R5 #1
(31D6) 1C01  0001110000000001 ( 489) LOOP_Div        ADD   R6 R0 R1
(31D7) 0803  0000100000000011 ( 490)                 BRN   MODULO
(31D8) 1001  0001000000000001 ( 491)                 ADD   R0 R0 R1
(31D9) 14A1  0001010010100001 ( 492)                 ADD   R2 R2 #1
(31DA) 0FFB  0000111111111011 ( 493)                 BRNZP LOOP_Div
(31DB) 1020  0001000000100000 ( 496) MODULO          ADD   R0 R0 #0
(31DC) 0C03  0000110000000011 ( 497)                 BRNZ  CHECK_IF_R1_WAS_NEGATIVE_Div
(31DD) 16E1  0001011011100001 ( 498)                 ADD   R3 R3 #1
(31DE) 103F  0001000000111111 ( 499)                 ADD   R0 R0 #-1
(31DF) 0FFB  0000111111111011 ( 500)                 BRNZP MODULO
(31E0) 1920  0001100100100000 ( 503) CHECK_IF_R1_WAS_NEGATIVE_Div ADD   R4 R4 #0
(31E1) 0C02  0000110000000010 ( 504)                 BRNZ  CHECK_IF_R0_WAS_NEGATIVE_Div
(31E2) 94BF  1001010010111111 ( 505)                 NOT   R2 R2
(31E3) 14A1  0001010010100001 ( 506)                 ADD   R2 R2 #1
(31E4) 1B60  0001101101100000 ( 508) CHECK_IF_R0_WAS_NEGATIVE_Div ADD   R5 R5 #0
(31E5) 0C02  0000110000000010 ( 509)                 BRNZ  DONE_Div
(31E6) 94BF  1001010010111111 ( 510)                 NOT   R2 R2
(31E7) 14A1  0001010010100001 ( 511)                 ADD   R2 R2 #1
(31E8) 21CC  0010000111001100 ( 514) DONE_Div        LD    R0 Div_Save_R0
(31E9) 23CC  0010001111001100 ( 515)                 LD    R1 Div_Save_R1
(31EA) 29CC  0010100111001100 ( 516)                 LD    R4 Div_Save_R4
(31EB) 2BCC  0010101111001100 ( 517)                 LD    R5 Div_Save_R5
(31EC) 2DCC  0010110111001100 ( 518)                 LD    R6 Div_Save_R6
(31ED) 2FCC  0010111111001100 ( 519)                 LD    R7 Div_Save_R7
(31EE) C1C0  1100000111000000 ( 521)                 RET   
(31EF) 0000  0000000000000000 ( 527) Exp_Save_R0     .FILL x0000
(31F0) 0000  0000000000000000 ( 528) Exp_Save_R1     .FILL x0000
(31F1) 0000  0000000000000000 ( 529) Exp_Save_R4     .FILL x0000
(31F2) 0000  0000000000000000 ( 530) Exp_Save_R7     .FILL x0000
(31F3) 31FB  0011000111111011 ( 533) Exp             ST    R0 Exp_Save_R0
(31F4) 33FB  0011001111111011 ( 534)                 ST    R1 Exp_Save_R1
(31F5) 39FB  0011100111111011 ( 535)                 ST    R4 Exp_Save_R4
(31F6) 3FFB  0011111111111011 ( 536)                 ST    R7 Exp_Save_R7
(31F7) 54A0  0101010010100000 ( 538)                 AND   R2 R2 #0
(31F8) 5920  0101100100100000 ( 539)                 AND   R4 R4 #0
(31F9) 187F  0001100001111111 ( 540)                 ADD   R4 R1 #-1
(31FA) 1020  0001000000100000 ( 543) CONDITION_1     ADD   R0 R0 #0
(31FB) 0A04  0000101000000100 ( 544)                 BRNP  CONDITION_2
(31FC) 1260  0001001001100000 ( 545)                 ADD   R1 R1 #0
(31FD) 0202  0000001000000010 ( 546)                 BRP   CONDITION_2
(31FE) 14BF  0001010010111111 ( 547)                 ADD   R2 R2 #-1
(31FF) 0E1D  0000111000011101 ( 548)                 BRNZP DONE_Exp
(3200) 1020  0001000000100000 ( 551) CONDITION_2     ADD   R0 R0 #0
(3201) 0602  0000011000000010 ( 552)                 BRZP  OR
(3202) 14BF  0001010010111111 ( 553)                 ADD   R2 R2 #-1
(3203) 0E19  0000111000011001 ( 554)                 BRNZP DONE_Exp
(3204) 1260  0001001001100000 ( 556) OR              ADD   R1 R1 #0
(3205) 0602  0000011000000010 ( 557)                 BRZP  CHECK_IF_R0_IS_1
(3206) 14BF  0001010010111111 ( 558)                 ADD   R2 R2 #-1
(3207) 0E15  0000111000010101 ( 559)                 BRNZP DONE_Exp
(3208) 103F  0001000000111111 ( 562) CHECK_IF_R0_IS_1 ADD   R0 R0 #-1
(3209) 0A03  0000101000000011 ( 563)                 BRNP  CHECK_IF_R1_IS_1
(320A) 1021  0001000000100001 ( 564)                 ADD   R0 R0 #1
(320B) 14A1  0001010010100001 ( 565)                 ADD   R2 R2 #1
(320C) 0E10  0000111000010000 ( 566)                 BRNZP DONE_Exp
(320D) 1021  0001000000100001 ( 569) CHECK_IF_R1_IS_1 ADD   R0 R0 #1
(320E) 127F  0001001001111111 ( 570)                 ADD   R1 R1 #-1
(320F) 0A03  0000101000000011 ( 571)                 BRNP  LOOP_Exp
(3210) 1261  0001001001100001 ( 572)                 ADD   R1 R1 #1
(3211) 1420  0001010000100000 ( 573)                 ADD   R2 R0 #0
(3212) 0E0A  0000111000001010 ( 574)                 BRNZP DONE_Exp
(3213) 1261  0001001001100001 ( 577) LOOP_Exp        ADD   R1 R1 #1
(3214) 5260  0101001001100000 ( 578)                 AND   R1 R1 #0
(3215) 1220  0001001000100000 ( 579)                 ADD   R1 R0 #0
(3216) 1920  0001100100100000 ( 581) START_LOOP_Exp  ADD   R4 R4 #0
(3217) 0C05  0000110000000101 ( 582)                 BRNZ  DONE_Exp
(3218) 4F7B  0100111101111011 ( 583)                 JSR   Mul
(3219) 193F  0001100100111111 ( 584)                 ADD   R4 R4 #-1
(321A) 5260  0101001001100000 ( 585)                 AND   R1 R1 #0
(321B) 12A0  0001001010100000 ( 586)                 ADD   R1 R2 #0
(321C) 0FF9  0000111111111001 ( 587)                 BRNZP START_LOOP_Exp
(321D) 21D1  0010000111010001 ( 590) DONE_Exp        LD    R0 Exp_Save_R0
(321E) 23D1  0010001111010001 ( 591)                 LD    R1 Exp_Save_R1
(321F) 29D1  0010100111010001 ( 592)                 LD    R4 Exp_Save_R4
(3220) 2FD1  0010111111010001 ( 593)                 LD    R7 Exp_Save_R7
(3221) C1C0  1100000111000000 ( 595)                 RET   
